loading raw_datasets successfully

Processing train split with 836 samples:
Finished processing train split.

Processing test split with 29 samples:
Finished processing test split.

Processing validation split with 148 samples:
Finished processing validation split.
{'loss': 3.9304, 'grad_norm': 75.85023498535156, 'learning_rate': 4.999955240022902e-05, 'epoch': 0.1}
{'loss': 2.9046, 'grad_norm': 52.277923583984375, 'learning_rate': 4.999820961694372e-05, 'epoch': 0.19}
{'loss': 2.5641, 'grad_norm': 43.508365631103516, 'learning_rate': 4.999597169822646e-05, 'epoch': 0.29}
{'loss': 2.3156, 'grad_norm': 42.12747573852539, 'learning_rate': 4.9992838724212585e-05, 'epoch': 0.38}
{'loss': 2.0297, 'grad_norm': 38.42011642456055, 'learning_rate': 4.9988810807087584e-05, 'epoch': 0.48}
{'loss': 1.8275, 'grad_norm': 38.3658561706543, 'learning_rate': 4.998388809108303e-05, 'epoch': 0.57}
{'loss': 1.789, 'grad_norm': 43.81059646606445, 'learning_rate': 4.997807075247146e-05, 'epoch': 0.67}
{'loss': 1.6373, 'grad_norm': 41.2343864440918, 'learning_rate': 4.997135899956001e-05, 'epoch': 0.76}
{'loss': 1.5982, 'grad_norm': 80.6340560913086, 'learning_rate': 4.9963753072683025e-05, 'epoch': 0.86}
{'loss': 1.6683, 'grad_norm': 21.362680435180664, 'learning_rate': 4.9955253244193375e-05, 'epoch': 0.95}
{'eval_loss': 1.6064350605010986, 'eval_map': 0.1645, 'eval_map_50': 0.3501, 'eval_map_75': 0.136, 'eval_map_small': 0.25, 'eval_map_medium': 0.2441, 'eval_map_large': 0.1661, 'eval_mar_1': 0.2171, 'eval_mar_10': 0.4326, 'eval_mar_100': 0.4852, 'eval_mar_small': 0.25, 'eval_mar_medium': 0.4403, 'eval_mar_large': 0.4947, 'eval_map_Coverall': 0.4052, 'eval_mar_100_Coverall': 0.7135, 'eval_map_Face_Shield': 0.0835, 'eval_mar_100_Face_Shield': 0.3299, 'eval_map_Gloves': 0.107, 'eval_mar_100_Gloves': 0.4878, 'eval_map_Goggles': 0.0551, 'eval_mar_100_Goggles': 0.3426, 'eval_map_Mask': 0.1718, 'eval_mar_100_Mask': 0.5521, 'eval_runtime': 7.2121, 'eval_samples_per_second': 20.521, 'eval_steps_per_second': 2.634, 'epoch': 1.0}
{'loss': 1.3627, 'grad_norm': 36.562286376953125, 'learning_rate': 4.994585981845278e-05, 'epoch': 1.05}
{'loss': 1.5736, 'grad_norm': 80.84272003173828, 'learning_rate': 4.9935573131820854e-05, 'epoch': 1.14}
{'loss': 1.4831, 'grad_norm': 28.6479434967041, 'learning_rate': 4.9924393552643075e-05, 'epoch': 1.24}
{'loss': 1.3876, 'grad_norm': 29.28622817993164, 'learning_rate': 4.991232148123761e-05, 'epoch': 1.33}
{'loss': 1.3682, 'grad_norm': 57.57891845703125, 'learning_rate': 4.989935734988098e-05, 'epoch': 1.43}
{'loss': 1.2204, 'grad_norm': 35.33613586425781, 'learning_rate': 4.988550162279255e-05, 'epoch': 1.52}
{'loss': 1.3062, 'grad_norm': 70.44566345214844, 'learning_rate': 4.987075479611796e-05, 'epoch': 1.62}
{'loss': 1.1954, 'grad_norm': 79.87833404541016, 'learning_rate': 4.985511739791129e-05, 'epoch': 1.71}
{'loss': 1.2502, 'grad_norm': 88.28303527832031, 'learning_rate': 4.983858998811622e-05, 'epoch': 1.81}
{'loss': 1.2805, 'grad_norm': 42.8010368347168, 'learning_rate': 4.9821173158545936e-05, 'epoch': 1.9}
{'loss': 1.469, 'grad_norm': 29.080453872680664, 'learning_rate': 4.980286753286195e-05, 'epoch': 2.0}
{'eval_loss': 1.5747654438018799, 'eval_map': 0.2149, 'eval_map_50': 0.4031, 'eval_map_75': 0.2101, 'eval_map_small': 0.2752, 'eval_map_medium': 0.2516, 'eval_map_large': 0.2207, 'eval_mar_1': 0.2924, 'eval_mar_10': 0.5233, 'eval_mar_100': 0.5691, 'eval_mar_small': 0.275, 'eval_mar_medium': 0.4788, 'eval_mar_large': 0.5823, 'eval_map_Coverall': 0.3985, 'eval_mar_100_Coverall': 0.6944, 'eval_map_Face_Shield': 0.1585, 'eval_mar_100_Face_Shield': 0.5545, 'eval_map_Gloves': 0.1073, 'eval_mar_100_Gloves': 0.4756, 'eval_map_Goggles': 0.0908, 'eval_mar_100_Goggles': 0.5148, 'eval_map_Mask': 0.3196, 'eval_mar_100_Mask': 0.6064, 'eval_runtime': 7.2132, 'eval_samples_per_second': 20.518, 'eval_steps_per_second': 2.634, 'epoch': 2.0}
{'loss': 1.2937, 'grad_norm': 81.95435333251953, 'learning_rate': 4.978367376655177e-05, 'epoch': 2.1}
{'loss': 1.1969, 'grad_norm': 48.88718032836914, 'learning_rate': 4.976359254690543e-05, 'epoch': 2.19}
{'loss': 1.1058, 'grad_norm': 94.11833190917969, 'learning_rate': 4.974262459299087e-05, 'epoch': 2.29}
{'loss': 1.0968, 'grad_norm': 82.1751708984375, 'learning_rate': 4.972077065562821e-05, 'epoch': 2.38}
{'loss': 1.0202, 'grad_norm': 29.915027618408203, 'learning_rate': 4.969803151736284e-05, 'epoch': 2.48}
{'loss': 1.1078, 'grad_norm': 31.478805541992188, 'learning_rate': 4.9674407992437394e-05, 'epoch': 2.57}
{'loss': 1.0804, 'grad_norm': 17.58522605895996, 'learning_rate': 4.964990092676263e-05, 'epoch': 2.67}
{'loss': 1.0471, 'grad_norm': 15.691344261169434, 'learning_rate': 4.962451119788709e-05, 'epoch': 2.76}
{'loss': 1.0771, 'grad_norm': 25.0949764251709, 'learning_rate': 4.959823971496574e-05, 'epoch': 2.86}
{'loss': 1.0547, 'grad_norm': 48.956993103027344, 'learning_rate': 4.957108741872736e-05, 'epoch': 2.95}
{'eval_loss': 1.1491981744766235, 'eval_map': 0.3539, 'eval_map_50': 0.5923, 'eval_map_75': 0.349, 'eval_map_small': 0.4257, 'eval_map_medium': 0.3005, 'eval_map_large': 0.3734, 'eval_mar_1': 0.3532, 'eval_mar_10': 0.6609, 'eval_mar_100': 0.6998, 'eval_mar_small': 0.5, 'eval_mar_medium': 0.5436, 'eval_mar_large': 0.7201, 'eval_map_Coverall': 0.5853, 'eval_mar_100_Coverall': 0.754, 'eval_map_Face_Shield': 0.2594, 'eval_mar_100_Face_Shield': 0.6961, 'eval_map_Gloves': 0.2771, 'eval_mar_100_Gloves': 0.6846, 'eval_map_Goggles': 0.2016, 'eval_mar_100_Goggles': 0.6525, 'eval_map_Mask': 0.4462, 'eval_mar_100_Mask': 0.7119, 'eval_runtime': 7.2077, 'eval_samples_per_second': 20.534, 'eval_steps_per_second': 2.636, 'epoch': 3.0}
{'loss': 1.0258, 'grad_norm': 20.99871826171875, 'learning_rate': 4.954305528144085e-05, 'epoch': 3.05}
{'loss': 0.9735, 'grad_norm': 58.37270736694336, 'learning_rate': 4.9514144306880506e-05, 'epoch': 3.14}
{'loss': 1.0469, 'grad_norm': 21.091100692749023, 'learning_rate': 4.9484355530289944e-05, 'epoch': 3.24}
{'loss': 0.9879, 'grad_norm': 93.50027465820312, 'learning_rate': 4.9453690018345144e-05, 'epoch': 3.33}
{'loss': 0.974, 'grad_norm': 23.687772750854492, 'learning_rate': 4.9422148869116194e-05, 'epoch': 3.43}
{'loss': 0.9062, 'grad_norm': 59.616878509521484, 'learning_rate': 4.938973321202799e-05, 'epoch': 3.52}
{'loss': 0.9468, 'grad_norm': 30.57744026184082, 'learning_rate': 4.935644420781978e-05, 'epoch': 3.62}
{'loss': 0.9763, 'grad_norm': 18.527267456054688, 'learning_rate': 4.932228304850363e-05, 'epoch': 3.71}
{'loss': 1.0733, 'grad_norm': 23.96273422241211, 'learning_rate': 4.928725095732169e-05, 'epoch': 3.81}
{'loss': 0.918, 'grad_norm': 26.967788696289062, 'learning_rate': 4.925134918870245e-05, 'epoch': 3.9}
{'loss': 1.0637, 'grad_norm': 42.31509780883789, 'learning_rate': 4.9214579028215776e-05, 'epoch': 4.0}
{'eval_loss': 1.0713622570037842, 'eval_map': 0.4003, 'eval_map_50': 0.6264, 'eval_map_75': 0.4488, 'eval_map_small': 0.4527, 'eval_map_medium': 0.3214, 'eval_map_large': 0.4217, 'eval_mar_1': 0.3852, 'eval_mar_10': 0.6757, 'eval_mar_100': 0.706, 'eval_mar_small': 0.55, 'eval_mar_medium': 0.5813, 'eval_mar_large': 0.7223, 'eval_map_Coverall': 0.605, 'eval_mar_100_Coverall': 0.7679, 'eval_map_Face_Shield': 0.2577, 'eval_mar_100_Face_Shield': 0.6623, 'eval_map_Gloves': 0.3675, 'eval_mar_100_Gloves': 0.7104, 'eval_map_Goggles': 0.2535, 'eval_mar_100_Goggles': 0.6705, 'eval_map_Mask': 0.5177, 'eval_mar_100_Mask': 0.7187, 'eval_runtime': 7.4877, 'eval_samples_per_second': 19.766, 'eval_steps_per_second': 2.538, 'epoch': 4.0}
{'loss': 0.9128, 'grad_norm': 23.794273376464844, 'learning_rate': 4.917694179252692e-05, 'epoch': 4.1}
{'loss': 0.9881, 'grad_norm': 13.791879653930664, 'learning_rate': 4.91384388293493e-05, 'epoch': 4.19}
{'loss': 0.9341, 'grad_norm': 20.50568199157715, 'learning_rate': 4.909907151739633e-05, 'epoch': 4.29}
{'loss': 0.8927, 'grad_norm': 29.96833038330078, 'learning_rate': 4.9058841266332e-05, 'epoch': 4.38}
{'loss': 0.8925, 'grad_norm': 37.535823822021484, 'learning_rate': 4.90177495167204e-05, 'epoch': 4.48}
{'loss': 0.8565, 'grad_norm': 15.954155921936035, 'learning_rate': 4.897579773997415e-05, 'epoch': 4.57}
{'loss': 1.029, 'grad_norm': 34.117271423339844, 'learning_rate': 4.893298743830168e-05, 'epoch': 4.67}
{'loss': 0.8624, 'grad_norm': 17.516128540039062, 'learning_rate': 4.888932014465352e-05, 'epoch': 4.76}
{'loss': 0.8515, 'grad_norm': 19.17960548400879, 'learning_rate': 4.88447974226673e-05, 'epoch': 4.86}
{'loss': 0.9416, 'grad_norm': 42.8787956237793, 'learning_rate': 4.879942086661184e-05, 'epoch': 4.95}
{'eval_loss': 1.0087900161743164, 'eval_map': 0.4319, 'eval_map_50': 0.6766, 'eval_map_75': 0.4851, 'eval_map_small': 0.3879, 'eval_map_medium': 0.3482, 'eval_map_large': 0.4513, 'eval_mar_1': 0.378, 'eval_mar_10': 0.6838, 'eval_mar_100': 0.7135, 'eval_mar_small': 0.425, 'eval_mar_medium': 0.5422, 'eval_mar_large': 0.7339, 'eval_map_Coverall': 0.595, 'eval_mar_100_Coverall': 0.7619, 'eval_map_Face_Shield': 0.3191, 'eval_mar_100_Face_Shield': 0.6727, 'eval_map_Gloves': 0.436, 'eval_mar_100_Gloves': 0.7308, 'eval_map_Goggles': 0.284, 'eval_mar_100_Goggles': 0.6951, 'eval_map_Mask': 0.5255, 'eval_mar_100_Mask': 0.7068, 'eval_runtime': 7.0273, 'eval_samples_per_second': 21.061, 'eval_steps_per_second': 2.704, 'epoch': 5.0}
{'loss': 0.8628, 'grad_norm': 26.186054229736328, 'learning_rate': 4.875319210133004e-05, 'epoch': 5.05}
{'loss': 0.946, 'grad_norm': 20.93388557434082, 'learning_rate': 4.870611278218066e-05, 'epoch': 5.14}
{'loss': 0.754, 'grad_norm': 21.190227508544922, 'learning_rate': 4.865818459497911e-05, 'epoch': 5.24}
{'loss': 0.843, 'grad_norm': 14.919378280639648, 'learning_rate': 4.860940925593703e-05, 'epoch': 5.33}
{'loss': 0.8566, 'grad_norm': 14.523077011108398, 'learning_rate': 4.8559788511600876e-05, 'epoch': 5.43}
{'loss': 0.7802, 'grad_norm': 79.25731658935547, 'learning_rate': 4.850932413878934e-05, 'epoch': 5.52}
{'loss': 0.8165, 'grad_norm': 17.330524444580078, 'learning_rate': 4.8458017944529776e-05, 'epoch': 5.62}
{'loss': 0.8504, 'grad_norm': 12.654813766479492, 'learning_rate': 4.8405871765993433e-05, 'epoch': 5.71}
{'loss': 0.8608, 'grad_norm': 21.107099533081055, 'learning_rate': 4.8352887470429726e-05, 'epoch': 5.81}
{'loss': 0.738, 'grad_norm': 29.45777130126953, 'learning_rate': 4.8299066955099335e-05, 'epoch': 5.9}
{'loss': 0.8761, 'grad_norm': 23.02916145324707, 'learning_rate': 4.8244412147206284e-05, 'epoch': 6.0}
{'eval_loss': 0.9424995183944702, 'eval_map': 0.459, 'eval_map_50': 0.6848, 'eval_map_75': 0.5371, 'eval_map_small': 0.5262, 'eval_map_medium': 0.3626, 'eval_map_large': 0.4814, 'eval_mar_1': 0.4059, 'eval_mar_10': 0.6991, 'eval_mar_100': 0.7267, 'eval_mar_small': 0.525, 'eval_mar_medium': 0.5994, 'eval_mar_large': 0.7431, 'eval_map_Coverall': 0.6194, 'eval_mar_100_Coverall': 0.7888, 'eval_map_Face_Shield': 0.3372, 'eval_mar_100_Face_Shield': 0.6922, 'eval_map_Gloves': 0.4458, 'eval_mar_100_Gloves': 0.7348, 'eval_map_Goggles': 0.3367, 'eval_mar_100_Goggles': 0.7, 'eval_map_Mask': 0.5559, 'eval_mar_100_Mask': 0.7178, 'eval_runtime': 7.235, 'eval_samples_per_second': 20.456, 'eval_steps_per_second': 2.626, 'epoch': 6.0}
{'loss': 0.6824, 'grad_norm': 19.060901641845703, 'learning_rate': 4.8188925003828945e-05, 'epoch': 6.1}
{'loss': 0.8881, 'grad_norm': 17.71425437927246, 'learning_rate': 4.813260751184992e-05, 'epoch': 6.19}
{'loss': 0.7688, 'grad_norm': 32.80184555053711, 'learning_rate': 4.807546168788494e-05, 'epoch': 6.29}
{'loss': 0.7421, 'grad_norm': 25.474361419677734, 'learning_rate': 4.8017489578210604e-05, 'epoch': 6.38}
{'loss': 0.7491, 'grad_norm': 18.62566375732422, 'learning_rate': 4.7958693258691167e-05, 'epoch': 6.48}
{'loss': 0.7888, 'grad_norm': 20.258686065673828, 'learning_rate': 4.7899074834704165e-05, 'epoch': 6.57}
{'loss': 0.8803, 'grad_norm': 23.49507713317871, 'learning_rate': 4.783863644106502e-05, 'epoch': 6.67}
{'loss': 0.773, 'grad_norm': 19.383800506591797, 'learning_rate': 4.7777380241950645e-05, 'epoch': 6.76}
{'loss': 0.7456, 'grad_norm': 23.38536262512207, 'learning_rate': 4.7715308430821864e-05, 'epoch': 6.86}
{'loss': 0.7523, 'grad_norm': 19.019765853881836, 'learning_rate': 4.765242323034498e-05, 'epoch': 6.95}
{'eval_loss': 0.907075822353363, 'eval_map': 0.4799, 'eval_map_50': 0.7048, 'eval_map_75': 0.556, 'eval_map_small': 0.6272, 'eval_map_medium': 0.3675, 'eval_map_large': 0.5045, 'eval_mar_1': 0.4007, 'eval_mar_10': 0.7152, 'eval_mar_100': 0.7455, 'eval_mar_small': 0.625, 'eval_mar_medium': 0.5863, 'eval_mar_large': 0.7647, 'eval_map_Coverall': 0.6318, 'eval_mar_100_Coverall': 0.7949, 'eval_map_Face_Shield': 0.3587, 'eval_mar_100_Face_Shield': 0.7182, 'eval_map_Gloves': 0.5088, 'eval_mar_100_Gloves': 0.7407, 'eval_map_Goggles': 0.2925, 'eval_mar_100_Goggles': 0.7279, 'eval_map_Mask': 0.6078, 'eval_mar_100_Mask': 0.7457, 'eval_runtime': 7.4106, 'eval_samples_per_second': 19.971, 'eval_steps_per_second': 2.564, 'epoch': 7.0}
{'loss': 0.7803, 'grad_norm': 15.05666732788086, 'learning_rate': 4.758872689231208e-05, 'epoch': 7.05}
{'loss': 0.7375, 'grad_norm': 15.54996109008789, 'learning_rate': 4.752422169756048e-05, 'epoch': 7.14}
{'loss': 0.7334, 'grad_norm': 30.3033390045166, 'learning_rate': 4.745890995589101e-05, 'epoch': 7.24}
{'loss': 0.7513, 'grad_norm': 35.30967330932617, 'learning_rate': 4.7392794005985326e-05, 'epoch': 7.33}
{'loss': 0.7955, 'grad_norm': 21.81195068359375, 'learning_rate': 4.732587621532214e-05, 'epoch': 7.43}
{'loss': 0.7659, 'grad_norm': 16.82766342163086, 'learning_rate': 4.725815898009247e-05, 'epoch': 7.52}
{'loss': 0.7438, 'grad_norm': 18.639978408813477, 'learning_rate': 4.718964472511386e-05, 'epoch': 7.62}
{'loss': 0.785, 'grad_norm': 14.551280975341797, 'learning_rate': 4.712033590374346e-05, 'epoch': 7.71}
{'loss': 0.7469, 'grad_norm': 14.886974334716797, 'learning_rate': 4.705023499779031e-05, 'epoch': 7.81}
{'loss': 0.6741, 'grad_norm': 19.89160919189453, 'learning_rate': 4.6979344517426345e-05, 'epoch': 7.9}
{'loss': 0.6262, 'grad_norm': 16.155715942382812, 'learning_rate': 4.690766700109659e-05, 'epoch': 8.0}
{'eval_loss': 0.8719209432601929, 'eval_map': 0.5041, 'eval_map_50': 0.7259, 'eval_map_75': 0.5876, 'eval_map_small': 0.5757, 'eval_map_medium': 0.3589, 'eval_map_large': 0.5312, 'eval_mar_1': 0.4253, 'eval_mar_10': 0.7279, 'eval_mar_100': 0.7586, 'eval_mar_small': 0.575, 'eval_mar_medium': 0.6071, 'eval_mar_large': 0.7758, 'eval_map_Coverall': 0.6708, 'eval_mar_100_Coverall': 0.8093, 'eval_map_Face_Shield': 0.4222, 'eval_mar_100_Face_Shield': 0.726, 'eval_map_Gloves': 0.5018, 'eval_mar_100_Gloves': 0.7502, 'eval_map_Goggles': 0.2998, 'eval_mar_100_Goggles': 0.7525, 'eval_map_Mask': 0.6259, 'eval_mar_100_Mask': 0.7548, 'eval_runtime': 7.1598, 'eval_samples_per_second': 20.671, 'eval_steps_per_second': 2.654, 'epoch': 8.0}
{'loss': 0.7341, 'grad_norm': 28.2141056060791, 'learning_rate': 4.6835205015428246e-05, 'epoch': 8.1}
{'loss': 0.6635, 'grad_norm': 16.334300994873047, 'learning_rate': 4.676196115513876e-05, 'epoch': 8.19}
{'loss': 0.7091, 'grad_norm': 24.373023986816406, 'learning_rate': 4.668793804294294e-05, 'epoch': 8.29}
{'loss': 0.7214, 'grad_norm': 15.331332206726074, 'learning_rate': 4.661313832945904e-05, 'epoch': 8.38}
{'loss': 0.6775, 'grad_norm': 16.83823585510254, 'learning_rate': 4.653756469311381e-05, 'epoch': 8.48}
{'loss': 0.6929, 'grad_norm': 21.456281661987305, 'learning_rate': 4.6461219840046654e-05, 'epoch': 8.57}
{'loss': 0.7245, 'grad_norm': 88.2866439819336, 'learning_rate': 4.638410650401267e-05, 'epoch': 8.67}
{'loss': 0.6553, 'grad_norm': 18.789018630981445, 'learning_rate': 4.6306227446284775e-05, 'epoch': 8.76}
{'loss': 0.755, 'grad_norm': 26.206308364868164, 'learning_rate': 4.622758545555485e-05, 'epoch': 8.86}
{'loss': 0.7017, 'grad_norm': 30.000349044799805, 'learning_rate': 4.614818334783384e-05, 'epoch': 8.95}
{'eval_loss': 0.8495351672172546, 'eval_map': 0.5049, 'eval_map_50': 0.7248, 'eval_map_75': 0.6, 'eval_map_small': 0.6775, 'eval_map_medium': 0.3702, 'eval_map_large': 0.5322, 'eval_mar_1': 0.4164, 'eval_mar_10': 0.7102, 'eval_mar_100': 0.741, 'eval_mar_small': 0.7, 'eval_mar_medium': 0.5754, 'eval_mar_large': 0.7597, 'eval_map_Coverall': 0.666, 'eval_mar_100_Coverall': 0.8228, 'eval_map_Face_Shield': 0.3665, 'eval_mar_100_Face_Shield': 0.6545, 'eval_map_Gloves': 0.5486, 'eval_mar_100_Gloves': 0.7878, 'eval_map_Goggles': 0.3411, 'eval_mar_100_Goggles': 0.7197, 'eval_map_Mask': 0.6023, 'eval_mar_100_Mask': 0.7201, 'eval_runtime': 7.3934, 'eval_samples_per_second': 20.018, 'eval_steps_per_second': 2.57, 'epoch': 9.0}
{'loss': 0.6435, 'grad_norm': 15.325054168701172, 'learning_rate': 4.606802396635098e-05, 'epoch': 9.05}
{'loss': 0.6185, 'grad_norm': 15.599425315856934, 'learning_rate': 4.598711018145193e-05, 'epoch': 9.14}
{'loss': 0.609, 'grad_norm': 50.23107147216797, 'learning_rate': 4.590544489049602e-05, 'epoch': 9.24}
{'loss': 0.6579, 'grad_norm': 43.381446838378906, 'learning_rate': 4.5823031017752485e-05, 'epoch': 9.33}
{'loss': 0.6989, 'grad_norm': 14.700427055358887, 'learning_rate': 4.5739871514295786e-05, 'epoch': 9.43}
{'loss': 0.7047, 'grad_norm': 21.06060791015625, 'learning_rate': 4.5655969357899874e-05, 'epoch': 9.52}
{'loss': 0.6764, 'grad_norm': 22.21637725830078, 'learning_rate': 4.5571327552931645e-05, 'epoch': 9.62}
{'loss': 0.7605, 'grad_norm': 15.031277656555176, 'learning_rate': 4.54859491302433e-05, 'epoch': 9.71}
{'loss': 0.7327, 'grad_norm': 12.8626708984375, 'learning_rate': 4.5399837147063825e-05, 'epoch': 9.81}
{'loss': 0.6804, 'grad_norm': 18.419960021972656, 'learning_rate': 4.531299468688955e-05, 'epoch': 9.9}
{'loss': 0.7047, 'grad_norm': 14.682221412658691, 'learning_rate': 4.522542485937369e-05, 'epoch': 10.0}
{'eval_loss': 0.8649852871894836, 'eval_map': 0.5079, 'eval_map_50': 0.7458, 'eval_map_75': 0.5806, 'eval_map_small': 0.5565, 'eval_map_medium': 0.3987, 'eval_map_large': 0.529, 'eval_mar_1': 0.4181, 'eval_mar_10': 0.7006, 'eval_mar_100': 0.7312, 'eval_mar_small': 0.6, 'eval_mar_medium': 0.5786, 'eval_mar_large': 0.749, 'eval_map_Coverall': 0.6587, 'eval_mar_100_Coverall': 0.8116, 'eval_map_Face_Shield': 0.3837, 'eval_mar_100_Face_Shield': 0.6273, 'eval_map_Gloves': 0.5625, 'eval_mar_100_Gloves': 0.7819, 'eval_map_Goggles': 0.3385, 'eval_mar_100_Goggles': 0.7066, 'eval_map_Mask': 0.5964, 'eval_mar_100_Mask': 0.7288, 'eval_runtime': 7.2451, 'eval_samples_per_second': 20.428, 'eval_steps_per_second': 2.622, 'epoch': 10.0}
{'loss': 0.6816, 'grad_norm': 23.981075286865234, 'learning_rate': 4.5137130800215025e-05, 'epoch': 10.1}
{'loss': 0.6169, 'grad_norm': 17.03725814819336, 'learning_rate': 4.50481156710456e-05, 'epoch': 10.19}
{'loss': 0.6716, 'grad_norm': 48.566261291503906, 'learning_rate': 4.495838265931754e-05, 'epoch': 10.29}
{'loss': 0.6445, 'grad_norm': 20.079593658447266, 'learning_rate': 4.486793497818889e-05, 'epoch': 10.38}
{'loss': 0.6356, 'grad_norm': 17.293901443481445, 'learning_rate': 4.477677586640854e-05, 'epoch': 10.48}
{'loss': 0.6322, 'grad_norm': 52.356388092041016, 'learning_rate': 4.4684908588200304e-05, 'epoch': 10.57}
{'loss': 0.6955, 'grad_norm': 23.659770965576172, 'learning_rate': 4.4592336433146e-05, 'epoch': 10.67}
{'loss': 0.6584, 'grad_norm': 27.054471969604492, 'learning_rate': 4.449906271606766e-05, 'epoch': 10.76}
{'loss': 0.6834, 'grad_norm': 29.929397583007812, 'learning_rate': 4.440509077690883e-05, 'epoch': 10.86}
{'loss': 0.665, 'grad_norm': 16.27438735961914, 'learning_rate': 4.431042398061499e-05, 'epoch': 10.95}
{'eval_loss': 0.8720519542694092, 'eval_map': 0.5034, 'eval_map_50': 0.7302, 'eval_map_75': 0.5839, 'eval_map_small': 0.6262, 'eval_map_medium': 0.3598, 'eval_map_large': 0.5315, 'eval_mar_1': 0.4294, 'eval_mar_10': 0.7098, 'eval_mar_100': 0.7392, 'eval_mar_small': 0.625, 'eval_mar_medium': 0.5463, 'eval_mar_large': 0.7596, 'eval_map_Coverall': 0.6548, 'eval_mar_100_Coverall': 0.8005, 'eval_map_Face_Shield': 0.4105, 'eval_mar_100_Face_Shield': 0.6974, 'eval_map_Gloves': 0.5249, 'eval_mar_100_Gloves': 0.7638, 'eval_map_Goggles': 0.3433, 'eval_mar_100_Goggles': 0.7361, 'eval_map_Mask': 0.5837, 'eval_mar_100_Mask': 0.6982, 'eval_runtime': 7.4256, 'eval_samples_per_second': 19.931, 'eval_steps_per_second': 2.559, 'epoch': 11.0}
{'loss': 0.6607, 'grad_norm': 15.385025024414062, 'learning_rate': 4.421506571701305e-05, 'epoch': 11.05}
{'loss': 0.6616, 'grad_norm': 16.596166610717773, 'learning_rate': 4.4119019400689967e-05, 'epoch': 11.14}
{'loss': 0.6112, 'grad_norm': 19.938365936279297, 'learning_rate': 4.402228847087047e-05, 'epoch': 11.24}
{'loss': 0.6293, 'grad_norm': 18.45022964477539, 'learning_rate': 4.3924876391293915e-05, 'epoch': 11.33}
{'loss': 0.6504, 'grad_norm': 16.32630729675293, 'learning_rate': 4.382678665009028e-05, 'epoch': 11.43}
{'loss': 0.6231, 'grad_norm': 12.801200866699219, 'learning_rate': 4.372802275965521e-05, 'epoch': 11.52}
{'loss': 0.7205, 'grad_norm': 20.98573112487793, 'learning_rate': 4.3628588256524285e-05, 'epoch': 11.62}
{'loss': 0.6202, 'grad_norm': 15.983097076416016, 'learning_rate': 4.3528486701246376e-05, 'epoch': 11.71}
{'loss': 0.597, 'grad_norm': 15.684499740600586, 'learning_rate': 4.3427721678256125e-05, 'epoch': 11.81}
{'loss': 0.5733, 'grad_norm': 12.340683937072754, 'learning_rate': 4.332629679574566e-05, 'epoch': 11.9}
{'loss': 0.6278, 'grad_norm': 18.793188095092773, 'learning_rate': 4.3224215685535294e-05, 'epoch': 12.0}
{'eval_loss': 0.7993335723876953, 'eval_map': 0.5351, 'eval_map_50': 0.7546, 'eval_map_75': 0.6323, 'eval_map_small': 0.6631, 'eval_map_medium': 0.3908, 'eval_map_large': 0.5622, 'eval_mar_1': 0.4335, 'eval_mar_10': 0.7359, 'eval_mar_100': 0.7658, 'eval_mar_small': 0.725, 'eval_mar_medium': 0.5904, 'eval_mar_large': 0.785, 'eval_map_Coverall': 0.6855, 'eval_mar_100_Coverall': 0.8121, 'eval_map_Face_Shield': 0.4121, 'eval_mar_100_Face_Shield': 0.7039, 'eval_map_Gloves': 0.5665, 'eval_mar_100_Gloves': 0.7932, 'eval_map_Goggles': 0.3806, 'eval_mar_100_Goggles': 0.7525, 'eval_map_Mask': 0.6308, 'eval_mar_100_Mask': 0.7676, 'eval_runtime': 6.8923, 'eval_samples_per_second': 21.473, 'eval_steps_per_second': 2.757, 'epoch': 12.0}
{'loss': 0.5576, 'grad_norm': 17.360172271728516, 'learning_rate': 4.312148200294355e-05, 'epoch': 12.1}
{'loss': 0.581, 'grad_norm': 10.340291976928711, 'learning_rate': 4.301809942665625e-05, 'epoch': 12.19}
{'loss': 0.5917, 'grad_norm': 13.184046745300293, 'learning_rate': 4.2914071658594805e-05, 'epoch': 12.29}
{'loss': 0.6079, 'grad_norm': 15.184127807617188, 'learning_rate': 4.2809402423783624e-05, 'epoch': 12.38}
{'loss': 0.6098, 'grad_norm': 10.213727951049805, 'learning_rate': 4.2704095470216744e-05, 'epoch': 12.48}
{'loss': 0.6199, 'grad_norm': 11.962315559387207, 'learning_rate': 4.2598154568723626e-05, 'epoch': 12.57}
{'loss': 0.6051, 'grad_norm': 10.352418899536133, 'learning_rate': 4.249158351283414e-05, 'epoch': 12.67}
{'loss': 0.6112, 'grad_norm': 21.27259635925293, 'learning_rate': 4.2384386118642694e-05, 'epoch': 12.76}
{'loss': 0.5729, 'grad_norm': 14.13222885131836, 'learning_rate': 4.227656622467162e-05, 'epoch': 12.86}
{'loss': 0.5823, 'grad_norm': 11.953193664550781, 'learning_rate': 4.2168127691733706e-05, 'epoch': 12.95}
{'eval_loss': 0.8330967426300049, 'eval_map': 0.5263, 'eval_map_50': 0.7439, 'eval_map_75': 0.6187, 'eval_map_small': 0.7015, 'eval_map_medium': 0.3823, 'eval_map_large': 0.5555, 'eval_mar_1': 0.4308, 'eval_mar_10': 0.7377, 'eval_mar_100': 0.7649, 'eval_mar_small': 0.75, 'eval_mar_medium': 0.615, 'eval_mar_large': 0.7821, 'eval_map_Coverall': 0.683, 'eval_mar_100_Coverall': 0.8107, 'eval_map_Face_Shield': 0.3788, 'eval_mar_100_Face_Shield': 0.7117, 'eval_map_Gloves': 0.5719, 'eval_mar_100_Gloves': 0.7905, 'eval_map_Goggles': 0.3539, 'eval_mar_100_Goggles': 0.7361, 'eval_map_Mask': 0.6438, 'eval_mar_100_Mask': 0.7758, 'eval_runtime': 7.0954, 'eval_samples_per_second': 20.859, 'eval_steps_per_second': 2.678, 'epoch': 13.0}
{'loss': 0.6185, 'grad_norm': 10.32122802734375, 'learning_rate': 4.205907440279395e-05, 'epoch': 13.05}
{'loss': 0.6155, 'grad_norm': 18.059982299804688, 'learning_rate': 4.1949410262830525e-05, 'epoch': 13.14}
{'loss': 0.5562, 'grad_norm': 14.936715126037598, 'learning_rate': 4.1839139198694946e-05, 'epoch': 13.24}
{'loss': 0.62, 'grad_norm': 13.358911514282227, 'learning_rate': 4.172826515897146e-05, 'epoch': 13.33}
{'loss': 0.5165, 'grad_norm': 21.52294921875, 'learning_rate': 4.161679211383565e-05, 'epoch': 13.43}
{'loss': 0.5187, 'grad_norm': 20.42841911315918, 'learning_rate': 4.150472405491226e-05, 'epoch': 13.52}
{'loss': 0.5327, 'grad_norm': 15.677534103393555, 'learning_rate': 4.139206499513231e-05, 'epoch': 13.62}
{'loss': 0.5671, 'grad_norm': 11.73383617401123, 'learning_rate': 4.127881896858934e-05, 'epoch': 13.71}
{'loss': 0.6974, 'grad_norm': 16.111757278442383, 'learning_rate': 4.116499003039499e-05, 'epoch': 13.81}
{'loss': 0.5751, 'grad_norm': 15.974757194519043, 'learning_rate': 4.105058225653381e-05, 'epoch': 13.9}
{'loss': 0.5919, 'grad_norm': 29.348642349243164, 'learning_rate': 4.093559974371725e-05, 'epoch': 14.0}
{'eval_loss': 0.7760053277015686, 'eval_map': 0.5442, 'eval_map_50': 0.7717, 'eval_map_75': 0.632, 'eval_map_small': 0.8126, 'eval_map_medium': 0.3758, 'eval_map_large': 0.5701, 'eval_mar_1': 0.4426, 'eval_mar_10': 0.7297, 'eval_mar_100': 0.755, 'eval_mar_small': 0.825, 'eval_mar_medium': 0.6036, 'eval_mar_large': 0.7701, 'eval_map_Coverall': 0.6985, 'eval_mar_100_Coverall': 0.8158, 'eval_map_Face_Shield': 0.4516, 'eval_mar_100_Face_Shield': 0.7195, 'eval_map_Gloves': 0.5573, 'eval_mar_100_Gloves': 0.7624, 'eval_map_Goggles': 0.3617, 'eval_mar_100_Goggles': 0.7164, 'eval_map_Mask': 0.6517, 'eval_mar_100_Mask': 0.7607, 'eval_runtime': 7.4527, 'eval_samples_per_second': 19.859, 'eval_steps_per_second': 2.549, 'epoch': 14.0}
{'loss': 0.5347, 'grad_norm': 14.037196159362793, 'learning_rate': 4.082004660923703e-05, 'epoch': 14.1}
{'loss': 0.5209, 'grad_norm': 17.919456481933594, 'learning_rate': 4.070392699081767e-05, 'epoch': 14.19}
{'loss': 0.5383, 'grad_norm': 11.064193725585938, 'learning_rate': 4.058724504646834e-05, 'epoch': 14.29}
{'loss': 0.5624, 'grad_norm': 14.489994049072266, 'learning_rate': 4.047000495433397e-05, 'epoch': 14.38}
{'loss': 0.5252, 'grad_norm': 11.837928771972656, 'learning_rate': 4.035221091254563e-05, 'epoch': 14.48}
{'loss': 0.6046, 'grad_norm': 25.87175178527832, 'learning_rate': 4.023386713907021e-05, 'epoch': 14.57}
{'loss': 0.6021, 'grad_norm': 20.84309196472168, 'learning_rate': 4.011497787155938e-05, 'epoch': 14.67}
{'loss': 0.5409, 'grad_norm': 27.601232528686523, 'learning_rate': 3.9995547367197845e-05, 'epoch': 14.76}
{'loss': 0.6143, 'grad_norm': 18.609941482543945, 'learning_rate': 3.987557990255093e-05, 'epoch': 14.86}
{'loss': 0.6007, 'grad_norm': 14.600259780883789, 'learning_rate': 3.975507977341141e-05, 'epoch': 14.95}
{'eval_loss': 0.7785214185714722, 'eval_map': 0.5589, 'eval_map_50': 0.7693, 'eval_map_75': 0.6554, 'eval_map_small': 0.7202, 'eval_map_medium': 0.4619, 'eval_map_large': 0.5794, 'eval_mar_1': 0.4515, 'eval_mar_10': 0.7434, 'eval_mar_100': 0.7715, 'eval_mar_small': 0.775, 'eval_mar_medium': 0.6053, 'eval_mar_large': 0.7895, 'eval_map_Coverall': 0.7086, 'eval_mar_100_Coverall': 0.8279, 'eval_map_Face_Shield': 0.4672, 'eval_mar_100_Face_Shield': 0.7338, 'eval_map_Gloves': 0.5927, 'eval_mar_100_Gloves': 0.7783, 'eval_map_Goggles': 0.3589, 'eval_mar_100_Goggles': 0.7361, 'eval_map_Mask': 0.6672, 'eval_mar_100_Mask': 0.7813, 'eval_runtime': 7.2368, 'eval_samples_per_second': 20.451, 'eval_steps_per_second': 2.625, 'epoch': 15.0}
{'loss': 0.5977, 'grad_norm': 39.32961654663086, 'learning_rate': 3.963405129464569e-05, 'epoch': 15.05}
{'loss': 0.5832, 'grad_norm': 19.302629470825195, 'learning_rate': 3.9512498800039335e-05, 'epoch': 15.14}
{'loss': 0.578, 'grad_norm': 20.97927474975586, 'learning_rate': 3.939042664214184e-05, 'epoch': 15.24}
{'loss': 0.5642, 'grad_norm': 21.11166000366211, 'learning_rate': 3.92678391921108e-05, 'epoch': 15.33}
{'loss': 0.5794, 'grad_norm': 13.312548637390137, 'learning_rate': 3.914474083955537e-05, 'epoch': 15.43}
{'loss': 0.5239, 'grad_norm': 15.589370727539062, 'learning_rate': 3.902113599237911e-05, 'epoch': 15.52}
{'loss': 0.6106, 'grad_norm': 32.560020446777344, 'learning_rate': 3.8897029076622116e-05, 'epoch': 15.62}
{'loss': 0.5357, 'grad_norm': 31.74158477783203, 'learning_rate': 3.8772424536302564e-05, 'epoch': 15.71}
{'loss': 0.5152, 'grad_norm': 55.082515716552734, 'learning_rate': 3.8647326833257545e-05, 'epoch': 15.81}
{'loss': 0.5595, 'grad_norm': 14.784770965576172, 'learning_rate': 3.852174044698333e-05, 'epoch': 15.9}
{'loss': 0.5562, 'grad_norm': 15.641486167907715, 'learning_rate': 3.8395669874474915e-05, 'epoch': 16.0}
{'eval_loss': 0.7807234525680542, 'eval_map': 0.5503, 'eval_map_50': 0.7629, 'eval_map_75': 0.6535, 'eval_map_small': 0.6677, 'eval_map_medium': 0.4009, 'eval_map_large': 0.5778, 'eval_mar_1': 0.4493, 'eval_mar_10': 0.7458, 'eval_mar_100': 0.7721, 'eval_mar_small': 0.775, 'eval_mar_medium': 0.6196, 'eval_mar_large': 0.7894, 'eval_map_Coverall': 0.6851, 'eval_mar_100_Coverall': 0.8172, 'eval_map_Face_Shield': 0.4444, 'eval_mar_100_Face_Shield': 0.726, 'eval_map_Gloves': 0.5938, 'eval_mar_100_Gloves': 0.79, 'eval_map_Goggles': 0.367, 'eval_mar_100_Goggles': 0.7508, 'eval_map_Mask': 0.6612, 'eval_mar_100_Mask': 0.7763, 'eval_runtime': 7.4383, 'eval_samples_per_second': 19.897, 'eval_steps_per_second': 2.554, 'epoch': 16.0}
{'loss': 0.5443, 'grad_norm': 13.020851135253906, 'learning_rate': 3.826911963006507e-05, 'epoch': 16.1}
{'loss': 0.5172, 'grad_norm': 14.414518356323242, 'learning_rate': 3.814209424526262e-05, 'epoch': 16.19}
{'loss': 0.5602, 'grad_norm': 14.181975364685059, 'learning_rate': 3.801459826859022e-05, 'epoch': 16.29}
{'loss': 0.5451, 'grad_norm': 50.93193435668945, 'learning_rate': 3.788663626542146e-05, 'epoch': 16.38}
{'loss': 0.5012, 'grad_norm': 18.887615203857422, 'learning_rate': 3.7758212817817405e-05, 'epoch': 16.48}
{'loss': 0.4999, 'grad_norm': 15.993436813354492, 'learning_rate': 3.762933252436253e-05, 'epoch': 16.57}
{'loss': 0.4854, 'grad_norm': 15.748692512512207, 'learning_rate': 3.7500000000000003e-05, 'epoch': 16.67}
{'loss': 0.5861, 'grad_norm': 14.08759593963623, 'learning_rate': 3.73702198758665e-05, 'epoch': 16.76}
{'loss': 0.5244, 'grad_norm': 24.33598518371582, 'learning_rate': 3.7239996799126314e-05, 'epoch': 16.86}
{'loss': 0.4881, 'grad_norm': 17.170040130615234, 'learning_rate': 3.7109335432805006e-05, 'epoch': 16.95}
{'eval_loss': 0.7765174508094788, 'eval_map': 0.546, 'eval_map_50': 0.7556, 'eval_map_75': 0.6348, 'eval_map_small': 0.6005, 'eval_map_medium': 0.3949, 'eval_map_large': 0.5723, 'eval_mar_1': 0.4463, 'eval_mar_10': 0.735, 'eval_mar_100': 0.7566, 'eval_mar_small': 0.65, 'eval_mar_medium': 0.5763, 'eval_mar_large': 0.7774, 'eval_map_Coverall': 0.7062, 'eval_mar_100_Coverall': 0.8237, 'eval_map_Face_Shield': 0.4633, 'eval_mar_100_Face_Shield': 0.6987, 'eval_map_Gloves': 0.581, 'eval_mar_100_Gloves': 0.7792, 'eval_map_Goggles': 0.3193, 'eval_mar_100_Goggles': 0.7213, 'eval_map_Mask': 0.66, 'eval_mar_100_Mask': 0.7603, 'eval_runtime': 7.1429, 'eval_samples_per_second': 20.72, 'eval_steps_per_second': 2.66, 'epoch': 17.0}
{'loss': 0.4275, 'grad_norm': 13.922311782836914, 'learning_rate': 3.697824045562238e-05, 'epoch': 17.05}
{'loss': 0.5388, 'grad_norm': 19.1894474029541, 'learning_rate': 3.6846716561824965e-05, 'epoch': 17.14}
{'loss': 0.6334, 'grad_norm': 23.758991241455078, 'learning_rate': 3.6714768461017965e-05, 'epoch': 17.24}
{'loss': 0.5681, 'grad_norm': 13.7264404296875, 'learning_rate': 3.6582400877996546e-05, 'epoch': 17.33}
{'loss': 0.4823, 'grad_norm': 17.22279167175293, 'learning_rate': 3.6449618552576695e-05, 'epoch': 17.43}
{'loss': 0.4579, 'grad_norm': 19.23775291442871, 'learning_rate': 3.6316426239425485e-05, 'epoch': 17.52}
{'loss': 0.4836, 'grad_norm': 13.20100212097168, 'learning_rate': 3.6182828707890816e-05, 'epoch': 17.62}
{'loss': 0.5095, 'grad_norm': 18.355287551879883, 'learning_rate': 3.604883074183068e-05, 'epoch': 17.71}
{'loss': 0.5229, 'grad_norm': 13.765398979187012, 'learning_rate': 3.591443713944175e-05, 'epoch': 17.81}
{'loss': 0.5078, 'grad_norm': 27.54584312438965, 'learning_rate': 3.577965271308771e-05, 'epoch': 17.9}
{'loss': 0.5143, 'grad_norm': 12.054848670959473, 'learning_rate': 3.564448228912682e-05, 'epoch': 18.0}
{'eval_loss': 0.7507382035255432, 'eval_map': 0.5704, 'eval_map_50': 0.7855, 'eval_map_75': 0.6733, 'eval_map_small': 0.6752, 'eval_map_medium': 0.4194, 'eval_map_large': 0.5945, 'eval_mar_1': 0.4598, 'eval_mar_10': 0.7549, 'eval_mar_100': 0.7861, 'eval_mar_small': 0.7, 'eval_mar_medium': 0.6585, 'eval_mar_large': 0.8013, 'eval_map_Coverall': 0.706, 'eval_mar_100_Coverall': 0.8298, 'eval_map_Face_Shield': 0.5302, 'eval_mar_100_Face_Shield': 0.7649, 'eval_map_Gloves': 0.5969, 'eval_mar_100_Gloves': 0.7955, 'eval_map_Goggles': 0.357, 'eval_mar_100_Goggles': 0.7574, 'eval_map_Mask': 0.662, 'eval_mar_100_Mask': 0.7831, 'eval_runtime': 7.3028, 'eval_samples_per_second': 20.266, 'eval_steps_per_second': 2.602, 'epoch': 18.0}
{'loss': 0.4842, 'grad_norm': 33.84659194946289, 'learning_rate': 3.550893070773914e-05, 'epoch': 18.1}
{'loss': 0.5174, 'grad_norm': 15.175148010253906, 'learning_rate': 3.5373002822753216e-05, 'epoch': 18.19}
{'loss': 0.4915, 'grad_norm': 238.5334014892578, 'learning_rate': 3.5236703501472266e-05, 'epoch': 18.29}
{'loss': 0.5917, 'grad_norm': 18.701751708984375, 'learning_rate': 3.510003762449988e-05, 'epoch': 18.38}
{'loss': 0.551, 'grad_norm': 13.693150520324707, 'learning_rate': 3.496301008556529e-05, 'epoch': 18.48}
{'loss': 0.5108, 'grad_norm': 12.349031448364258, 'learning_rate': 3.4825625791348096e-05, 'epoch': 18.57}
{'loss': 0.4446, 'grad_norm': 20.172771453857422, 'learning_rate': 3.4687889661302576e-05, 'epoch': 18.67}
{'loss': 0.5236, 'grad_norm': 10.636919975280762, 'learning_rate': 3.454980662748156e-05, 'epoch': 18.76}
{'loss': 0.4649, 'grad_norm': 17.050373077392578, 'learning_rate': 3.44113816343598e-05, 'epoch': 18.86}
{'loss': 0.516, 'grad_norm': 32.69832229614258, 'learning_rate': 3.427261963865691e-05, 'epoch': 18.95}
{'eval_loss': 0.7887789011001587, 'eval_map': 0.5709, 'eval_map_50': 0.7733, 'eval_map_75': 0.6762, 'eval_map_small': 0.7752, 'eval_map_medium': 0.4586, 'eval_map_large': 0.5924, 'eval_mar_1': 0.4499, 'eval_mar_10': 0.7524, 'eval_mar_100': 0.7784, 'eval_mar_small': 0.775, 'eval_mar_medium': 0.6517, 'eval_mar_large': 0.7938, 'eval_map_Coverall': 0.7122, 'eval_mar_100_Coverall': 0.8419, 'eval_map_Face_Shield': 0.5109, 'eval_mar_100_Face_Shield': 0.7571, 'eval_map_Gloves': 0.6164, 'eval_mar_100_Gloves': 0.79, 'eval_map_Goggles': 0.3607, 'eval_mar_100_Goggles': 0.7459, 'eval_map_Mask': 0.6542, 'eval_mar_100_Mask': 0.7571, 'eval_runtime': 7.1714, 'eval_samples_per_second': 20.637, 'eval_steps_per_second': 2.649, 'epoch': 19.0}
{'loss': 0.5118, 'grad_norm': 24.423017501831055, 'learning_rate': 3.413352560915988e-05, 'epoch': 19.05}
{'loss': 0.4551, 'grad_norm': 12.530621528625488, 'learning_rate': 3.399410452654518e-05, 'epoch': 19.14}
{'loss': 0.524, 'grad_norm': 12.841538429260254, 'learning_rate': 3.3854361383200374e-05, 'epoch': 19.24}
{'loss': 0.4633, 'grad_norm': 15.74724292755127, 'learning_rate': 3.3714301183045385e-05, 'epoch': 19.33}
{'loss': 0.4852, 'grad_norm': 29.47825813293457, 'learning_rate': 3.357392894135329e-05, 'epoch': 19.43}
{'loss': 0.498, 'grad_norm': 23.40688705444336, 'learning_rate': 3.343324968457076e-05, 'epoch': 19.52}
{'loss': 0.5276, 'grad_norm': 14.043977737426758, 'learning_rate': 3.329226845013802e-05, 'epoch': 19.62}
{'loss': 0.5438, 'grad_norm': 15.1417875289917, 'learning_rate': 3.315099028630855e-05, 'epoch': 19.71}
{'loss': 0.5259, 'grad_norm': 14.94897747039795, 'learning_rate': 3.3009420251968244e-05, 'epoch': 19.81}
{'loss': 0.5977, 'grad_norm': 14.572341918945312, 'learning_rate': 3.28675634164543e-05, 'epoch': 19.9}
{'loss': 0.4801, 'grad_norm': 24.414506912231445, 'learning_rate': 3.272542485937369e-05, 'epoch': 20.0}
{'eval_loss': 0.7702054381370544, 'eval_map': 0.5723, 'eval_map_50': 0.7808, 'eval_map_75': 0.678, 'eval_map_small': 0.7626, 'eval_map_medium': 0.4303, 'eval_map_large': 0.5954, 'eval_mar_1': 0.4512, 'eval_mar_10': 0.745, 'eval_mar_100': 0.7724, 'eval_mar_small': 0.775, 'eval_mar_medium': 0.6216, 'eval_mar_large': 0.7891, 'eval_map_Coverall': 0.7084, 'eval_mar_100_Coverall': 0.8256, 'eval_map_Face_Shield': 0.4838, 'eval_mar_100_Face_Shield': 0.7234, 'eval_map_Gloves': 0.6142, 'eval_mar_100_Gloves': 0.7873, 'eval_map_Goggles': 0.3855, 'eval_mar_100_Goggles': 0.7492, 'eval_map_Mask': 0.6696, 'eval_mar_100_Mask': 0.7767, 'eval_runtime': 7.2002, 'eval_samples_per_second': 20.555, 'eval_steps_per_second': 2.639, 'epoch': 20.0}
{'loss': 0.5037, 'grad_norm': 11.619152069091797, 'learning_rate': 3.258300967042125e-05, 'epoch': 20.1}
{'loss': 0.4512, 'grad_norm': 21.99679183959961, 'learning_rate': 3.244032294919747e-05, 'epoch': 20.19}
{'loss': 0.5021, 'grad_norm': 14.3754243850708, 'learning_rate': 3.229736980502584e-05, 'epoch': 20.29}
{'loss': 0.5006, 'grad_norm': 15.82099437713623, 'learning_rate': 3.215415535676992e-05, 'epoch': 20.38}
{'loss': 0.5222, 'grad_norm': 11.06628131866455, 'learning_rate': 3.201068473265007e-05, 'epoch': 20.48}
{'loss': 0.5231, 'grad_norm': 9.825895309448242, 'learning_rate': 3.186696307005976e-05, 'epoch': 20.57}
{'loss': 0.4291, 'grad_norm': 14.047767639160156, 'learning_rate': 3.172299551538164e-05, 'epoch': 20.67}
{'loss': 0.4402, 'grad_norm': 14.932625770568848, 'learning_rate': 3.15787872238033e-05, 'epoch': 20.76}
{'loss': 0.4957, 'grad_norm': 14.557578086853027, 'learning_rate': 3.143434335913256e-05, 'epoch': 20.86}
{'loss': 0.4738, 'grad_norm': 12.716547012329102, 'learning_rate': 3.1289669093612714e-05, 'epoch': 20.95}
{'eval_loss': 0.7955219149589539, 'eval_map': 0.5869, 'eval_map_50': 0.7975, 'eval_map_75': 0.6969, 'eval_map_small': 0.751, 'eval_map_medium': 0.4288, 'eval_map_large': 0.6111, 'eval_mar_1': 0.4523, 'eval_mar_10': 0.7455, 'eval_mar_100': 0.7713, 'eval_mar_small': 0.75, 'eval_mar_medium': 0.6321, 'eval_mar_large': 0.7873, 'eval_map_Coverall': 0.7005, 'eval_mar_100_Coverall': 0.8177, 'eval_map_Face_Shield': 0.5293, 'eval_mar_100_Face_Shield': 0.7247, 'eval_map_Gloves': 0.6329, 'eval_mar_100_Gloves': 0.795, 'eval_map_Goggles': 0.406, 'eval_mar_100_Goggles': 0.7508, 'eval_map_Mask': 0.6657, 'eval_mar_100_Mask': 0.7685, 'eval_runtime': 7.0836, 'eval_samples_per_second': 20.893, 'eval_steps_per_second': 2.682, 'epoch': 21.0}
{'loss': 0.4855, 'grad_norm': 13.269397735595703, 'learning_rate': 3.1144769607737204e-05, 'epoch': 21.05}
{'loss': 0.4964, 'grad_norm': 14.621159553527832, 'learning_rate': 3.099965009006415e-05, 'epoch': 21.14}
{'loss': 0.4646, 'grad_norm': 16.516345977783203, 'learning_rate': 3.0854315737030596e-05, 'epoch': 21.24}
{'loss': 0.4926, 'grad_norm': 13.782514572143555, 'learning_rate': 3.0708771752766394e-05, 'epoch': 21.33}
{'loss': 0.4331, 'grad_norm': 17.18978500366211, 'learning_rate': 3.056302334890786e-05, 'epoch': 21.43}
{'loss': 0.3793, 'grad_norm': 13.851648330688477, 'learning_rate': 3.0417075744411178e-05, 'epoch': 21.52}
{'loss': 0.4402, 'grad_norm': 34.5676155090332, 'learning_rate': 3.0270934165365478e-05, 'epoch': 21.62}
{'loss': 0.5193, 'grad_norm': 13.031323432922363, 'learning_rate': 3.0124603844805767e-05, 'epoch': 21.71}
{'loss': 0.4778, 'grad_norm': 24.82025146484375, 'learning_rate': 2.997809002252546e-05, 'epoch': 21.81}
{'loss': 0.4528, 'grad_norm': 54.9052619934082, 'learning_rate': 2.9831397944888833e-05, 'epoch': 21.9}
{'loss': 0.5028, 'grad_norm': 16.52044105529785, 'learning_rate': 2.9684532864643122e-05, 'epoch': 22.0}
{'eval_loss': 0.7460758686065674, 'eval_map': 0.5919, 'eval_map_50': 0.7955, 'eval_map_75': 0.6916, 'eval_map_small': 0.7262, 'eval_map_medium': 0.4507, 'eval_map_large': 0.614, 'eval_mar_1': 0.462, 'eval_mar_10': 0.7637, 'eval_mar_100': 0.7817, 'eval_mar_small': 0.725, 'eval_mar_medium': 0.6124, 'eval_mar_large': 0.8007, 'eval_map_Coverall': 0.717, 'eval_mar_100_Coverall': 0.834, 'eval_map_Face_Shield': 0.5403, 'eval_mar_100_Face_Shield': 0.7584, 'eval_map_Gloves': 0.6245, 'eval_mar_100_Gloves': 0.7855, 'eval_map_Goggles': 0.3986, 'eval_mar_100_Goggles': 0.7541, 'eval_map_Mask': 0.6791, 'eval_mar_100_Mask': 0.7767, 'eval_runtime': 7.2863, 'eval_samples_per_second': 20.312, 'eval_steps_per_second': 2.608, 'epoch': 22.0}
{'loss': 0.439, 'grad_norm': 10.382288932800293, 'learning_rate': 2.953750004073041e-05, 'epoch': 22.1}
{'loss': 0.442, 'grad_norm': 10.795390129089355, 'learning_rate': 2.9390304738099384e-05, 'epoch': 22.19}
{'loss': 0.473, 'grad_norm': 20.342479705810547, 'learning_rate': 2.9242952227516722e-05, 'epoch': 22.29}
{'loss': 0.4816, 'grad_norm': 12.442191123962402, 'learning_rate': 2.9095447785378443e-05, 'epoch': 22.38}
{'loss': 0.4784, 'grad_norm': 12.056819915771484, 'learning_rate': 2.89477966935209e-05, 'epoch': 22.48}
{'loss': 0.4462, 'grad_norm': 13.572787284851074, 'learning_rate': 2.8800004239031684e-05, 'epoch': 22.57}
{'loss': 0.5061, 'grad_norm': 14.870501518249512, 'learning_rate': 2.8652075714060295e-05, 'epoch': 22.67}
{'loss': 0.4088, 'grad_norm': 12.4868745803833, 'learning_rate': 2.850401641562865e-05, 'epoch': 22.76}
{'loss': 0.4448, 'grad_norm': 13.590239524841309, 'learning_rate': 2.8355831645441388e-05, 'epoch': 22.86}
{'loss': 0.4364, 'grad_norm': 11.351458549499512, 'learning_rate': 2.8207526709696057e-05, 'epoch': 22.95}
{'eval_loss': 0.7624346017837524, 'eval_map': 0.5948, 'eval_map_50': 0.8041, 'eval_map_75': 0.6998, 'eval_map_small': 0.7379, 'eval_map_medium': 0.4448, 'eval_map_large': 0.6187, 'eval_mar_1': 0.4601, 'eval_mar_10': 0.7404, 'eval_mar_100': 0.7649, 'eval_mar_small': 0.775, 'eval_mar_medium': 0.5983, 'eval_mar_large': 0.783, 'eval_map_Coverall': 0.7136, 'eval_mar_100_Coverall': 0.8335, 'eval_map_Face_Shield': 0.5317, 'eval_mar_100_Face_Shield': 0.6909, 'eval_map_Gloves': 0.6265, 'eval_mar_100_Gloves': 0.7896, 'eval_map_Goggles': 0.4263, 'eval_mar_100_Goggles': 0.7295, 'eval_map_Mask': 0.6758, 'eval_mar_100_Mask': 0.7808, 'eval_runtime': 7.0282, 'eval_samples_per_second': 21.058, 'eval_steps_per_second': 2.703, 'epoch': 23.0}
{'loss': 0.4184, 'grad_norm': 20.145931243896484, 'learning_rate': 2.8059106918893068e-05, 'epoch': 23.05}
{'loss': 0.4273, 'grad_norm': 19.841571807861328, 'learning_rate': 2.791057758764557e-05, 'epoch': 23.14}
{'loss': 0.4445, 'grad_norm': 17.506147384643555, 'learning_rate': 2.7761944034489152e-05, 'epoch': 23.24}
{'loss': 0.4464, 'grad_norm': 37.12126541137695, 'learning_rate': 2.761321158169134e-05, 'epoch': 23.33}
{'loss': 0.4245, 'grad_norm': 24.2149600982666, 'learning_rate': 2.746438555506109e-05, 'epoch': 23.43}
{'loss': 0.4182, 'grad_norm': 16.37957000732422, 'learning_rate': 2.7315471283758037e-05, 'epoch': 23.52}
{'loss': 0.4541, 'grad_norm': 17.075687408447266, 'learning_rate': 2.7166474100101673e-05, 'epoch': 23.62}
{'loss': 0.4123, 'grad_norm': 15.746428489685059, 'learning_rate': 2.7017399339380434e-05, 'epoch': 23.71}
{'loss': 0.4597, 'grad_norm': 9.636005401611328, 'learning_rate': 2.686825233966061e-05, 'epoch': 23.81}
{'loss': 0.418, 'grad_norm': 38.63319396972656, 'learning_rate': 2.6719038441595233e-05, 'epoch': 23.9}
{'loss': 0.4945, 'grad_norm': 20.19196319580078, 'learning_rate': 2.656976298823284e-05, 'epoch': 24.0}
{'eval_loss': 0.7649466395378113, 'eval_map': 0.5916, 'eval_map_50': 0.7918, 'eval_map_75': 0.7006, 'eval_map_small': 0.7879, 'eval_map_medium': 0.4406, 'eval_map_large': 0.6163, 'eval_mar_1': 0.4615, 'eval_mar_10': 0.7494, 'eval_mar_100': 0.7716, 'eval_mar_small': 0.825, 'eval_mar_medium': 0.6074, 'eval_mar_large': 0.7896, 'eval_map_Coverall': 0.7139, 'eval_mar_100_Coverall': 0.827, 'eval_map_Face_Shield': 0.5277, 'eval_mar_100_Face_Shield': 0.7052, 'eval_map_Gloves': 0.6331, 'eval_mar_100_Gloves': 0.7905, 'eval_map_Goggles': 0.409, 'eval_mar_100_Goggles': 0.7541, 'eval_map_Mask': 0.6742, 'eval_mar_100_Mask': 0.7813, 'eval_runtime': 7.2651, 'eval_samples_per_second': 20.371, 'eval_steps_per_second': 2.615, 'epoch': 24.0}
{'loss': 0.4382, 'grad_norm': 15.472549438476562, 'learning_rate': 2.6420431324826117e-05, 'epoch': 24.1}
{'loss': 0.4555, 'grad_norm': 11.254773139953613, 'learning_rate': 2.6271048798640547e-05, 'epoch': 24.19}
{'loss': 0.4235, 'grad_norm': 14.438713073730469, 'learning_rate': 2.6121620758762877e-05, 'epoch': 24.29}
{'loss': 0.4701, 'grad_norm': 21.781936645507812, 'learning_rate': 2.5972152555909625e-05, 'epoch': 24.38}
{'loss': 0.4304, 'grad_norm': 11.873617172241211, 'learning_rate': 2.5822649542235466e-05, 'epoch': 24.48}
{'loss': 0.3985, 'grad_norm': 17.368396759033203, 'learning_rate': 2.5673117071141572e-05, 'epoch': 24.57}
{'loss': 0.4104, 'grad_norm': 12.258079528808594, 'learning_rate': 2.5523560497083926e-05, 'epoch': 24.67}
{'loss': 0.365, 'grad_norm': 15.715714454650879, 'learning_rate': 2.5373985175381594e-05, 'epoch': 24.76}
{'loss': 0.4951, 'grad_norm': 97.7743911743164, 'learning_rate': 2.5224396462024947e-05, 'epoch': 24.86}
{'loss': 0.4475, 'grad_norm': 16.319398880004883, 'learning_rate': 2.507479971348391e-05, 'epoch': 24.95}
{'eval_loss': 0.7278466820716858, 'eval_map': 0.5939, 'eval_map_50': 0.7929, 'eval_map_75': 0.702, 'eval_map_small': 0.5636, 'eval_map_medium': 0.4637, 'eval_map_large': 0.6178, 'eval_mar_1': 0.4566, 'eval_mar_10': 0.7639, 'eval_mar_100': 0.7924, 'eval_mar_small': 0.675, 'eval_mar_medium': 0.6402, 'eval_mar_large': 0.809, 'eval_map_Coverall': 0.7294, 'eval_mar_100_Coverall': 0.8381, 'eval_map_Face_Shield': 0.5282, 'eval_mar_100_Face_Shield': 0.7416, 'eval_map_Gloves': 0.6162, 'eval_mar_100_Gloves': 0.7937, 'eval_map_Goggles': 0.401, 'eval_mar_100_Goggles': 0.7852, 'eval_map_Mask': 0.6947, 'eval_mar_100_Mask': 0.8032, 'eval_runtime': 7.3817, 'eval_samples_per_second': 20.05, 'eval_steps_per_second': 2.574, 'epoch': 25.0}
{'loss': 0.4182, 'grad_norm': 19.473230361938477, 'learning_rate': 2.4925200286516097e-05, 'epoch': 25.05}
{'loss': 0.4295, 'grad_norm': 13.865519523620605, 'learning_rate': 2.4775603537975052e-05, 'epoch': 25.14}
{'loss': 0.4864, 'grad_norm': 32.11195373535156, 'learning_rate': 2.4626014824618415e-05, 'epoch': 25.24}
{'loss': 0.4048, 'grad_norm': 12.850632667541504, 'learning_rate': 2.447643950291608e-05, 'epoch': 25.33}
{'loss': 0.465, 'grad_norm': 19.28835678100586, 'learning_rate': 2.4326882928858434e-05, 'epoch': 25.43}
{'loss': 0.3822, 'grad_norm': 17.429075241088867, 'learning_rate': 2.417735045776453e-05, 'epoch': 25.52}
{'loss': 0.4121, 'grad_norm': 17.25027847290039, 'learning_rate': 2.402784744409038e-05, 'epoch': 25.62}
{'loss': 0.4137, 'grad_norm': 182.3280487060547, 'learning_rate': 2.3878379241237136e-05, 'epoch': 25.71}
{'loss': 0.4002, 'grad_norm': 15.757707595825195, 'learning_rate': 2.372895120135946e-05, 'epoch': 25.81}
{'loss': 0.4194, 'grad_norm': 14.717227935791016, 'learning_rate': 2.3579568675173895e-05, 'epoch': 25.9}
{'loss': 0.3926, 'grad_norm': 21.268953323364258, 'learning_rate': 2.3430237011767167e-05, 'epoch': 26.0}
{'eval_loss': 0.7382919192314148, 'eval_map': 0.5986, 'eval_map_50': 0.7943, 'eval_map_75': 0.7111, 'eval_map_small': 0.6752, 'eval_map_medium': 0.454, 'eval_map_large': 0.6227, 'eval_mar_1': 0.4662, 'eval_mar_10': 0.7607, 'eval_mar_100': 0.7831, 'eval_mar_small': 0.7, 'eval_mar_medium': 0.6177, 'eval_mar_large': 0.8015, 'eval_map_Coverall': 0.7096, 'eval_mar_100_Coverall': 0.8181, 'eval_map_Face_Shield': 0.5403, 'eval_mar_100_Face_Shield': 0.7364, 'eval_map_Gloves': 0.6448, 'eval_mar_100_Gloves': 0.8081, 'eval_map_Goggles': 0.4126, 'eval_mar_100_Goggles': 0.7639, 'eval_map_Mask': 0.6857, 'eval_mar_100_Mask': 0.789, 'eval_runtime': 7.142, 'eval_samples_per_second': 20.723, 'eval_steps_per_second': 2.66, 'epoch': 26.0}
{'loss': 0.3902, 'grad_norm': 11.610885620117188, 'learning_rate': 2.3280961558404773e-05, 'epoch': 26.1}
{'loss': 0.4323, 'grad_norm': 44.08838653564453, 'learning_rate': 2.3131747660339394e-05, 'epoch': 26.19}
{'loss': 0.3629, 'grad_norm': 15.677411079406738, 'learning_rate': 2.2982600660619572e-05, 'epoch': 26.29}
{'loss': 0.4301, 'grad_norm': 16.864765167236328, 'learning_rate': 2.2833525899898326e-05, 'epoch': 26.38}
{'loss': 0.4034, 'grad_norm': 9.095200538635254, 'learning_rate': 2.268452871624197e-05, 'epoch': 26.48}
{'loss': 0.3698, 'grad_norm': 19.079330444335938, 'learning_rate': 2.2535614444938912e-05, 'epoch': 26.57}
{'loss': 0.3955, 'grad_norm': 20.482860565185547, 'learning_rate': 2.238678841830867e-05, 'epoch': 26.67}
{'loss': 0.4131, 'grad_norm': 15.989410400390625, 'learning_rate': 2.223805596551085e-05, 'epoch': 26.76}
{'loss': 0.3948, 'grad_norm': 17.92751693725586, 'learning_rate': 2.2089422412354432e-05, 'epoch': 26.86}
{'loss': 0.4262, 'grad_norm': 13.793728828430176, 'learning_rate': 2.1940893081106945e-05, 'epoch': 26.95}
{'eval_loss': 0.7372574806213379, 'eval_map': 0.595, 'eval_map_50': 0.8065, 'eval_map_75': 0.701, 'eval_map_small': 0.6631, 'eval_map_medium': 0.4441, 'eval_map_large': 0.6199, 'eval_mar_1': 0.4557, 'eval_mar_10': 0.7612, 'eval_mar_100': 0.7849, 'eval_mar_small': 0.725, 'eval_mar_medium': 0.6145, 'eval_mar_large': 0.8032, 'eval_map_Coverall': 0.7312, 'eval_mar_100_Coverall': 0.8363, 'eval_map_Face_Shield': 0.5054, 'eval_mar_100_Face_Shield': 0.7026, 'eval_map_Gloves': 0.6338, 'eval_mar_100_Gloves': 0.7855, 'eval_map_Goggles': 0.4266, 'eval_mar_100_Goggles': 0.8, 'eval_map_Mask': 0.6778, 'eval_mar_100_Mask': 0.8, 'eval_runtime': 7.363, 'eval_samples_per_second': 20.101, 'eval_steps_per_second': 2.58, 'epoch': 27.0}
{'loss': 0.3741, 'grad_norm': 16.888208389282227, 'learning_rate': 2.1792473290303946e-05, 'epoch': 27.05}
{'loss': 0.4077, 'grad_norm': 13.423078536987305, 'learning_rate': 2.164416835455862e-05, 'epoch': 27.14}
{'loss': 0.4024, 'grad_norm': 17.50333595275879, 'learning_rate': 2.1495983584371353e-05, 'epoch': 27.24}
{'loss': 0.4286, 'grad_norm': 10.876220703125, 'learning_rate': 2.1347924285939714e-05, 'epoch': 27.33}
{'loss': 0.3683, 'grad_norm': 21.63216781616211, 'learning_rate': 2.119999576096832e-05, 'epoch': 27.43}
{'loss': 0.3764, 'grad_norm': 10.983490943908691, 'learning_rate': 2.1052203306479105e-05, 'epoch': 27.52}
{'loss': 0.364, 'grad_norm': 37.36037063598633, 'learning_rate': 2.090455221462156e-05, 'epoch': 27.62}
{'loss': 0.3819, 'grad_norm': 10.259403228759766, 'learning_rate': 2.075704777248328e-05, 'epoch': 27.71}
{'loss': 0.4107, 'grad_norm': 11.28524398803711, 'learning_rate': 2.0609695261900622e-05, 'epoch': 27.81}
{'loss': 0.3817, 'grad_norm': 61.732460021972656, 'learning_rate': 2.0462499959269593e-05, 'epoch': 27.9}
{'loss': 0.3586, 'grad_norm': 17.33891487121582, 'learning_rate': 2.031546713535688e-05, 'epoch': 28.0}
{'eval_loss': 0.734617292881012, 'eval_map': 0.603, 'eval_map_50': 0.8044, 'eval_map_75': 0.7064, 'eval_map_small': 0.7626, 'eval_map_medium': 0.4246, 'eval_map_large': 0.6296, 'eval_mar_1': 0.465, 'eval_mar_10': 0.7599, 'eval_mar_100': 0.7775, 'eval_mar_small': 0.775, 'eval_mar_medium': 0.5855, 'eval_mar_large': 0.7975, 'eval_map_Coverall': 0.7282, 'eval_mar_100_Coverall': 0.8395, 'eval_map_Face_Shield': 0.5179, 'eval_mar_100_Face_Shield': 0.7026, 'eval_map_Gloves': 0.6433, 'eval_mar_100_Gloves': 0.7973, 'eval_map_Goggles': 0.4343, 'eval_mar_100_Goggles': 0.7492, 'eval_map_Mask': 0.6915, 'eval_mar_100_Mask': 0.7991, 'eval_runtime': 7.2503, 'eval_samples_per_second': 20.413, 'eval_steps_per_second': 2.621, 'epoch': 28.0}
{'loss': 0.3731, 'grad_norm': 10.748429298400879, 'learning_rate': 2.0168602055111173e-05, 'epoch': 28.1}
{'loss': 0.3898, 'grad_norm': 10.968674659729004, 'learning_rate': 2.002190997747455e-05, 'epoch': 28.19}
{'loss': 0.3697, 'grad_norm': 37.155723571777344, 'learning_rate': 1.9875396155194242e-05, 'epoch': 28.29}
{'loss': 0.4109, 'grad_norm': 11.518943786621094, 'learning_rate': 1.972906583463453e-05, 'epoch': 28.38}
{'loss': 0.3891, 'grad_norm': 15.745603561401367, 'learning_rate': 1.9582924255588828e-05, 'epoch': 28.48}
{'loss': 0.3638, 'grad_norm': 17.84299659729004, 'learning_rate': 1.9436976651092144e-05, 'epoch': 28.57}
{'loss': 0.3769, 'grad_norm': 12.916707038879395, 'learning_rate': 1.9291228247233605e-05, 'epoch': 28.67}
{'loss': 0.3961, 'grad_norm': 20.490663528442383, 'learning_rate': 1.9145684262969403e-05, 'epoch': 28.76}
{'loss': 0.3946, 'grad_norm': 8.578351020812988, 'learning_rate': 1.9000349909935853e-05, 'epoch': 28.86}
{'loss': 0.372, 'grad_norm': 49.21281814575195, 'learning_rate': 1.885523039226281e-05, 'epoch': 28.95}
{'eval_loss': 0.7314168810844421, 'eval_map': 0.6093, 'eval_map_50': 0.8127, 'eval_map_75': 0.7202, 'eval_map_small': 0.7252, 'eval_map_medium': 0.418, 'eval_map_large': 0.6357, 'eval_mar_1': 0.4654, 'eval_mar_10': 0.7533, 'eval_mar_100': 0.7777, 'eval_mar_small': 0.725, 'eval_mar_medium': 0.6152, 'eval_mar_large': 0.7959, 'eval_map_Coverall': 0.7223, 'eval_mar_100_Coverall': 0.8363, 'eval_map_Face_Shield': 0.5282, 'eval_mar_100_Face_Shield': 0.7, 'eval_map_Gloves': 0.6478, 'eval_mar_100_Gloves': 0.7968, 'eval_map_Goggles': 0.4594, 'eval_mar_100_Goggles': 0.7443, 'eval_map_Mask': 0.6887, 'eval_mar_100_Mask': 0.811, 'eval_runtime': 7.4718, 'eval_samples_per_second': 19.808, 'eval_steps_per_second': 2.543, 'epoch': 29.0}
{'loss': 0.3446, 'grad_norm': 15.593061447143555, 'learning_rate': 1.871033090638729e-05, 'epoch': 29.05}
{'loss': 0.3825, 'grad_norm': 17.781116485595703, 'learning_rate': 1.8565656640867446e-05, 'epoch': 29.14}
{'loss': 0.3711, 'grad_norm': 14.166274070739746, 'learning_rate': 1.8421212776196712e-05, 'epoch': 29.24}
{'loss': 0.4054, 'grad_norm': 13.008403778076172, 'learning_rate': 1.827700448461836e-05, 'epoch': 29.33}
{'loss': 0.4003, 'grad_norm': 14.385024070739746, 'learning_rate': 1.813303692994025e-05, 'epoch': 29.43}
{'loss': 0.4101, 'grad_norm': 22.415237426757812, 'learning_rate': 1.7989315267349936e-05, 'epoch': 29.52}
{'loss': 0.3585, 'grad_norm': 10.397090911865234, 'learning_rate': 1.7845844643230086e-05, 'epoch': 29.62}
{'loss': 0.3524, 'grad_norm': 14.623211860656738, 'learning_rate': 1.7702630194974168e-05, 'epoch': 29.71}
{'loss': 0.3617, 'grad_norm': 12.883268356323242, 'learning_rate': 1.7559677050802544e-05, 'epoch': 29.81}
{'loss': 0.3532, 'grad_norm': 30.373281478881836, 'learning_rate': 1.7416990329578753e-05, 'epoch': 29.9}
{'loss': 0.3029, 'grad_norm': 19.10663604736328, 'learning_rate': 1.7274575140626318e-05, 'epoch': 30.0}
{'eval_loss': 0.7209972739219666, 'eval_map': 0.6182, 'eval_map_50': 0.8311, 'eval_map_75': 0.7408, 'eval_map_small': 0.7752, 'eval_map_medium': 0.4418, 'eval_map_large': 0.647, 'eval_mar_1': 0.4696, 'eval_mar_10': 0.7639, 'eval_mar_100': 0.7869, 'eval_mar_small': 0.775, 'eval_mar_medium': 0.6111, 'eval_mar_large': 0.806, 'eval_map_Coverall': 0.7254, 'eval_mar_100_Coverall': 0.8363, 'eval_map_Face_Shield': 0.552, 'eval_mar_100_Face_Shield': 0.7377, 'eval_map_Gloves': 0.654, 'eval_mar_100_Gloves': 0.7986, 'eval_map_Goggles': 0.4715, 'eval_mar_100_Goggles': 0.7607, 'eval_map_Mask': 0.6881, 'eval_mar_100_Mask': 0.8014, 'eval_runtime': 7.0528, 'eval_samples_per_second': 20.985, 'eval_steps_per_second': 2.694, 'epoch': 30.0}
{'loss': 0.3539, 'grad_norm': 12.345418930053711, 'learning_rate': 1.71324365835457e-05, 'epoch': 30.1}
{'loss': 0.3209, 'grad_norm': 15.215940475463867, 'learning_rate': 1.699057974803176e-05, 'epoch': 30.19}
{'loss': 0.3499, 'grad_norm': 24.23641014099121, 'learning_rate': 1.6849009713691454e-05, 'epoch': 30.29}
{'loss': 0.3623, 'grad_norm': 8.217782020568848, 'learning_rate': 1.670773154986199e-05, 'epoch': 30.38}
{'loss': 0.3439, 'grad_norm': 11.954673767089844, 'learning_rate': 1.6566750315429254e-05, 'epoch': 30.48}
{'loss': 0.3509, 'grad_norm': 11.868902206420898, 'learning_rate': 1.6426071058646717e-05, 'epoch': 30.57}
{'loss': 0.3403, 'grad_norm': 13.578713417053223, 'learning_rate': 1.6285698816954624e-05, 'epoch': 30.67}
{'loss': 0.3457, 'grad_norm': 21.172435760498047, 'learning_rate': 1.6145638616799635e-05, 'epoch': 30.76}
{'loss': 0.3758, 'grad_norm': 12.73010540008545, 'learning_rate': 1.6005895473454834e-05, 'epoch': 30.86}
{'loss': 0.3702, 'grad_norm': 11.032425880432129, 'learning_rate': 1.5866474390840125e-05, 'epoch': 30.95}
{'eval_loss': 0.756883442401886, 'eval_map': 0.6152, 'eval_map_50': 0.8162, 'eval_map_75': 0.737, 'eval_map_small': 0.701, 'eval_map_medium': 0.4323, 'eval_map_large': 0.6428, 'eval_mar_1': 0.4684, 'eval_mar_10': 0.7576, 'eval_mar_100': 0.7825, 'eval_mar_small': 0.7, 'eval_mar_medium': 0.6047, 'eval_mar_large': 0.8018, 'eval_map_Coverall': 0.7269, 'eval_mar_100_Coverall': 0.8372, 'eval_map_Face_Shield': 0.5501, 'eval_mar_100_Face_Shield': 0.7195, 'eval_map_Gloves': 0.6443, 'eval_mar_100_Gloves': 0.7923, 'eval_map_Goggles': 0.458, 'eval_mar_100_Goggles': 0.759, 'eval_map_Mask': 0.6969, 'eval_mar_100_Mask': 0.8046, 'eval_runtime': 7.3422, 'eval_samples_per_second': 20.157, 'eval_steps_per_second': 2.588, 'epoch': 31.0}
{'loss': 0.4013, 'grad_norm': 19.468029022216797, 'learning_rate': 1.5727380361343103e-05, 'epoch': 31.05}
{'loss': 0.347, 'grad_norm': 12.89808177947998, 'learning_rate': 1.55886183656402e-05, 'epoch': 31.14}
{'loss': 0.4195, 'grad_norm': 9.489662170410156, 'learning_rate': 1.545019337251844e-05, 'epoch': 31.24}
{'loss': 0.3601, 'grad_norm': 8.313735008239746, 'learning_rate': 1.5312110338697426e-05, 'epoch': 31.33}
{'loss': 0.3574, 'grad_norm': 15.077808380126953, 'learning_rate': 1.5174374208651912e-05, 'epoch': 31.43}
{'loss': 0.3719, 'grad_norm': 11.506867408752441, 'learning_rate': 1.503698991443471e-05, 'epoch': 31.52}
{'loss': 0.3397, 'grad_norm': 19.666614532470703, 'learning_rate': 1.4899962375500121e-05, 'epoch': 31.62}
{'loss': 0.3156, 'grad_norm': 11.42166519165039, 'learning_rate': 1.4763296498527743e-05, 'epoch': 31.71}
{'loss': 0.3351, 'grad_norm': 10.6421480178833, 'learning_rate': 1.4626997177246787e-05, 'epoch': 31.81}
{'loss': 0.3294, 'grad_norm': 8.964022636413574, 'learning_rate': 1.4491069292260868e-05, 'epoch': 31.9}
{'loss': 0.3375, 'grad_norm': 18.398193359375, 'learning_rate': 1.4355517710873184e-05, 'epoch': 32.0}
{'eval_loss': 0.7664674520492554, 'eval_map': 0.6245, 'eval_map_50': 0.8218, 'eval_map_75': 0.7323, 'eval_map_small': 0.7762, 'eval_map_medium': 0.4466, 'eval_map_large': 0.6525, 'eval_mar_1': 0.4719, 'eval_mar_10': 0.7653, 'eval_mar_100': 0.7906, 'eval_mar_small': 0.775, 'eval_mar_medium': 0.597, 'eval_mar_large': 0.8107, 'eval_map_Coverall': 0.7365, 'eval_mar_100_Coverall': 0.84, 'eval_map_Face_Shield': 0.5605, 'eval_mar_100_Face_Shield': 0.7286, 'eval_map_Gloves': 0.6423, 'eval_mar_100_Gloves': 0.7882, 'eval_map_Goggles': 0.4805, 'eval_mar_100_Goggles': 0.7852, 'eval_map_Mask': 0.7028, 'eval_mar_100_Mask': 0.811, 'eval_runtime': 6.9381, 'eval_samples_per_second': 21.332, 'eval_steps_per_second': 2.739, 'epoch': 32.0}
{'loss': 0.3827, 'grad_norm': 13.206765174865723, 'learning_rate': 1.4220347286912294e-05, 'epoch': 32.1}
{'loss': 0.3274, 'grad_norm': 8.462422370910645, 'learning_rate': 1.4085562860558255e-05, 'epoch': 32.19}
{'loss': 0.348, 'grad_norm': 9.06851577758789, 'learning_rate': 1.3951169258169338e-05, 'epoch': 32.29}
{'loss': 0.3476, 'grad_norm': 13.064456939697266, 'learning_rate': 1.3817171292109183e-05, 'epoch': 32.38}
{'loss': 0.3298, 'grad_norm': 18.65606689453125, 'learning_rate': 1.3683573760574526e-05, 'epoch': 32.48}
{'loss': 0.3375, 'grad_norm': 13.719922065734863, 'learning_rate': 1.3550381447423316e-05, 'epoch': 32.57}
{'loss': 0.3155, 'grad_norm': 21.422035217285156, 'learning_rate': 1.3417599122003464e-05, 'epoch': 32.67}
{'loss': 0.3619, 'grad_norm': 24.555103302001953, 'learning_rate': 1.3285231538982034e-05, 'epoch': 32.76}
{'loss': 0.3499, 'grad_norm': 11.81805419921875, 'learning_rate': 1.3153283438175034e-05, 'epoch': 32.86}
{'loss': 0.3225, 'grad_norm': 13.620964050292969, 'learning_rate': 1.3021759544377632e-05, 'epoch': 32.95}
{'eval_loss': 0.7853831648826599, 'eval_map': 0.618, 'eval_map_50': 0.8209, 'eval_map_75': 0.7232, 'eval_map_small': 0.7005, 'eval_map_medium': 0.4255, 'eval_map_large': 0.6432, 'eval_mar_1': 0.4712, 'eval_mar_10': 0.7544, 'eval_mar_100': 0.7761, 'eval_mar_small': 0.7, 'eval_mar_medium': 0.5862, 'eval_mar_large': 0.7957, 'eval_map_Coverall': 0.7314, 'eval_mar_100_Coverall': 0.8395, 'eval_map_Face_Shield': 0.5454, 'eval_mar_100_Face_Shield': 0.7221, 'eval_map_Gloves': 0.6438, 'eval_mar_100_Gloves': 0.7792, 'eval_map_Goggles': 0.486, 'eval_mar_100_Goggles': 0.7541, 'eval_map_Mask': 0.6834, 'eval_mar_100_Mask': 0.7854, 'eval_runtime': 7.1855, 'eval_samples_per_second': 20.597, 'eval_steps_per_second': 2.644, 'epoch': 33.0}
{'loss': 0.373, 'grad_norm': 11.862592697143555, 'learning_rate': 1.2890664567194998e-05, 'epoch': 33.05}
{'loss': 0.3355, 'grad_norm': 18.65446662902832, 'learning_rate': 1.2760003200873699e-05, 'epoch': 33.14}
{'loss': 0.3067, 'grad_norm': 13.383866310119629, 'learning_rate': 1.2629780124133511e-05, 'epoch': 33.24}
{'loss': 0.3361, 'grad_norm': 11.606705665588379, 'learning_rate': 1.2500000000000006e-05, 'epoch': 33.33}
{'loss': 0.3581, 'grad_norm': 8.270259857177734, 'learning_rate': 1.2370667475637473e-05, 'epoch': 33.43}
{'loss': 0.3394, 'grad_norm': 9.22701358795166, 'learning_rate': 1.2241787182182595e-05, 'epoch': 33.52}
{'loss': 0.3084, 'grad_norm': 18.278120040893555, 'learning_rate': 1.2113363734578548e-05, 'epoch': 33.62}
{'loss': 0.3333, 'grad_norm': 10.755054473876953, 'learning_rate': 1.1985401731409792e-05, 'epoch': 33.71}
{'loss': 0.321, 'grad_norm': 20.362985610961914, 'learning_rate': 1.185790575473738e-05, 'epoch': 33.81}
{'loss': 0.3052, 'grad_norm': 13.661646842956543, 'learning_rate': 1.1730880369934933e-05, 'epoch': 33.9}
{'loss': 0.3126, 'grad_norm': 11.344910621643066, 'learning_rate': 1.1604330125525079e-05, 'epoch': 34.0}
{'eval_loss': 0.7481008172035217, 'eval_map': 0.6156, 'eval_map_50': 0.8126, 'eval_map_75': 0.732, 'eval_map_small': 0.7757, 'eval_map_medium': 0.4378, 'eval_map_large': 0.6412, 'eval_mar_1': 0.4697, 'eval_mar_10': 0.7618, 'eval_mar_100': 0.7867, 'eval_mar_small': 0.775, 'eval_mar_medium': 0.5985, 'eval_mar_large': 0.8063, 'eval_map_Coverall': 0.7377, 'eval_mar_100_Coverall': 0.8409, 'eval_map_Face_Shield': 0.5477, 'eval_mar_100_Face_Shield': 0.7299, 'eval_map_Gloves': 0.6453, 'eval_mar_100_Gloves': 0.7941, 'eval_map_Goggles': 0.4557, 'eval_mar_100_Goggles': 0.7607, 'eval_map_Mask': 0.6917, 'eval_mar_100_Mask': 0.8078, 'eval_runtime': 7.3114, 'eval_samples_per_second': 20.242, 'eval_steps_per_second': 2.599, 'epoch': 34.0}
{'loss': 0.2755, 'grad_norm': 15.131111145019531, 'learning_rate': 1.1478259553016682e-05, 'epoch': 34.1}
{'loss': 0.3331, 'grad_norm': 16.465469360351562, 'learning_rate': 1.135267316674246e-05, 'epoch': 34.19}
{'loss': 0.3319, 'grad_norm': 13.25661563873291, 'learning_rate': 1.122757546369744e-05, 'epoch': 34.29}
{'loss': 0.3462, 'grad_norm': 9.20138168334961, 'learning_rate': 1.1102970923377892e-05, 'epoch': 34.38}
{'loss': 0.3259, 'grad_norm': 17.56113624572754, 'learning_rate': 1.0978864007620895e-05, 'epoch': 34.48}
{'loss': 0.3403, 'grad_norm': 13.278276443481445, 'learning_rate': 1.0855259160444639e-05, 'epoch': 34.57}
{'loss': 0.3461, 'grad_norm': 14.489398956298828, 'learning_rate': 1.0732160807889211e-05, 'epoch': 34.67}
{'loss': 0.3019, 'grad_norm': 13.689032554626465, 'learning_rate': 1.0609573357858166e-05, 'epoch': 34.76}
{'loss': 0.2954, 'grad_norm': 9.188499450683594, 'learning_rate': 1.0487501199960662e-05, 'epoch': 34.86}
{'loss': 0.3729, 'grad_norm': 11.791006088256836, 'learning_rate': 1.0365948705354308e-05, 'epoch': 34.95}
{'eval_loss': 0.7740666270256042, 'eval_map': 0.6129, 'eval_map_50': 0.8093, 'eval_map_75': 0.7256, 'eval_map_small': 0.7757, 'eval_map_medium': 0.4335, 'eval_map_large': 0.638, 'eval_mar_1': 0.4685, 'eval_mar_10': 0.7544, 'eval_mar_100': 0.7787, 'eval_mar_small': 0.775, 'eval_mar_medium': 0.5861, 'eval_mar_large': 0.7988, 'eval_map_Coverall': 0.7404, 'eval_mar_100_Coverall': 0.8423, 'eval_map_Face_Shield': 0.5506, 'eval_mar_100_Face_Shield': 0.7221, 'eval_map_Gloves': 0.6401, 'eval_mar_100_Gloves': 0.7778, 'eval_map_Goggles': 0.4415, 'eval_mar_100_Goggles': 0.7492, 'eval_map_Mask': 0.6921, 'eval_mar_100_Mask': 0.8023, 'eval_runtime': 7.0283, 'eval_samples_per_second': 21.058, 'eval_steps_per_second': 2.703, 'epoch': 35.0}
{'loss': 0.3491, 'grad_norm': 12.22019100189209, 'learning_rate': 1.0244920226588597e-05, 'epoch': 35.05}
{'loss': 0.3013, 'grad_norm': 16.172321319580078, 'learning_rate': 1.0124420097449078e-05, 'epoch': 35.14}
{'loss': 0.3174, 'grad_norm': 21.614864349365234, 'learning_rate': 1.0004452632802158e-05, 'epoch': 35.24}
{'loss': 0.3744, 'grad_norm': 8.311784744262695, 'learning_rate': 9.88502212844063e-06, 'epoch': 35.33}
{'loss': 0.309, 'grad_norm': 11.757080078125, 'learning_rate': 9.7661328609298e-06, 'epoch': 35.43}
{'loss': 0.3055, 'grad_norm': 9.368231773376465, 'learning_rate': 9.64778908745437e-06, 'epoch': 35.52}
{'loss': 0.3071, 'grad_norm': 18.24015235900879, 'learning_rate': 9.52999504566604e-06, 'epoch': 35.62}
{'loss': 0.3152, 'grad_norm': 15.242172241210938, 'learning_rate': 9.412754953531663e-06, 'epoch': 35.71}
{'loss': 0.3161, 'grad_norm': 16.158279418945312, 'learning_rate': 9.29607300918234e-06, 'epoch': 35.81}
{'loss': 0.3307, 'grad_norm': 10.445250511169434, 'learning_rate': 9.179953390762977e-06, 'epoch': 35.9}
{'loss': 0.2947, 'grad_norm': 13.540990829467773, 'learning_rate': 9.064400256282757e-06, 'epoch': 36.0}
{'eval_loss': 0.7672687768936157, 'eval_map': 0.6186, 'eval_map_50': 0.8197, 'eval_map_75': 0.7147, 'eval_map_small': 0.8005, 'eval_map_medium': 0.4418, 'eval_map_large': 0.6438, 'eval_mar_1': 0.4707, 'eval_mar_10': 0.7616, 'eval_mar_100': 0.785, 'eval_mar_small': 0.8, 'eval_mar_medium': 0.5896, 'eval_mar_large': 0.8049, 'eval_map_Coverall': 0.7273, 'eval_mar_100_Coverall': 0.8363, 'eval_map_Face_Shield': 0.5763, 'eval_mar_100_Face_Shield': 0.7558, 'eval_map_Gloves': 0.6407, 'eval_mar_100_Gloves': 0.7787, 'eval_map_Goggles': 0.4563, 'eval_mar_100_Goggles': 0.7541, 'eval_map_Mask': 0.6926, 'eval_mar_100_Mask': 0.8, 'eval_runtime': 7.2645, 'eval_samples_per_second': 20.373, 'eval_steps_per_second': 2.615, 'epoch': 36.0}
{'loss': 0.3279, 'grad_norm': 10.887898445129395, 'learning_rate': 8.9494177434662e-06, 'epoch': 36.1}
{'loss': 0.2904, 'grad_norm': 11.448089599609375, 'learning_rate': 8.835009969605012e-06, 'epoch': 36.19}
{'loss': 0.3227, 'grad_norm': 12.147140502929688, 'learning_rate': 8.72118103141066e-06, 'epoch': 36.29}
{'loss': 0.3135, 'grad_norm': 39.95866394042969, 'learning_rate': 8.607935004867693e-06, 'epoch': 36.38}
{'loss': 0.2675, 'grad_norm': 14.363895416259766, 'learning_rate': 8.495275945087744e-06, 'epoch': 36.48}
{'loss': 0.3125, 'grad_norm': 11.053350448608398, 'learning_rate': 8.383207886164366e-06, 'epoch': 36.57}
{'loss': 0.3281, 'grad_norm': 12.928655624389648, 'learning_rate': 8.271734841028553e-06, 'epoch': 36.67}
{'loss': 0.3037, 'grad_norm': 10.585986137390137, 'learning_rate': 8.16086080130506e-06, 'epoch': 36.76}
{'loss': 0.3235, 'grad_norm': 11.349963188171387, 'learning_rate': 8.050589737169485e-06, 'epoch': 36.86}
{'loss': 0.3263, 'grad_norm': 11.171771049499512, 'learning_rate': 7.940925597206054e-06, 'epoch': 36.95}
{'eval_loss': 0.760356068611145, 'eval_map': 0.6193, 'eval_map_50': 0.8201, 'eval_map_75': 0.7263, 'eval_map_small': 0.7757, 'eval_map_medium': 0.4595, 'eval_map_large': 0.6453, 'eval_mar_1': 0.4669, 'eval_mar_10': 0.7652, 'eval_mar_100': 0.7904, 'eval_mar_small': 0.775, 'eval_mar_medium': 0.5993, 'eval_mar_large': 0.8103, 'eval_map_Coverall': 0.7341, 'eval_mar_100_Coverall': 0.8451, 'eval_map_Face_Shield': 0.55, 'eval_mar_100_Face_Shield': 0.7519, 'eval_map_Gloves': 0.6527, 'eval_mar_100_Gloves': 0.7855, 'eval_map_Goggles': 0.4623, 'eval_mar_100_Goggles': 0.7672, 'eval_map_Mask': 0.6975, 'eval_mar_100_Mask': 0.8023, 'eval_runtime': 7.1514, 'eval_samples_per_second': 20.695, 'eval_steps_per_second': 2.657, 'epoch': 37.0}
{'loss': 0.3791, 'grad_norm': 12.871334075927734, 'learning_rate': 7.831872308266305e-06, 'epoch': 37.05}
{'loss': 0.2776, 'grad_norm': 10.607464790344238, 'learning_rate': 7.723433775328384e-06, 'epoch': 37.14}
{'loss': 0.3236, 'grad_norm': 10.059908866882324, 'learning_rate': 7.615613881357314e-06, 'epoch': 37.24}
{'loss': 0.3116, 'grad_norm': 16.693758010864258, 'learning_rate': 7.508416487165862e-06, 'epoch': 37.33}
{'loss': 0.3285, 'grad_norm': 19.576684951782227, 'learning_rate': 7.401845431276378e-06, 'epoch': 37.43}
{'loss': 0.2999, 'grad_norm': 13.140812873840332, 'learning_rate': 7.2959045297832655e-06, 'epoch': 37.52}
{'loss': 0.3105, 'grad_norm': 8.987736701965332, 'learning_rate': 7.190597576216385e-06, 'epoch': 37.62}
{'loss': 0.2805, 'grad_norm': 9.998616218566895, 'learning_rate': 7.085928341405193e-06, 'epoch': 37.71}
{'loss': 0.2762, 'grad_norm': 44.379913330078125, 'learning_rate': 6.98190057334375e-06, 'epoch': 37.81}
{'loss': 0.3471, 'grad_norm': 8.682106018066406, 'learning_rate': 6.8785179970564575e-06, 'epoch': 37.9}
{'loss': 0.2972, 'grad_norm': 14.64098072052002, 'learning_rate': 6.775784314464717e-06, 'epoch': 38.0}
{'eval_loss': 0.7718095779418945, 'eval_map': 0.614, 'eval_map_50': 0.8146, 'eval_map_75': 0.7218, 'eval_map_small': 0.7757, 'eval_map_medium': 0.4523, 'eval_map_large': 0.6393, 'eval_mar_1': 0.4681, 'eval_mar_10': 0.76, 'eval_mar_100': 0.7849, 'eval_mar_small': 0.775, 'eval_mar_medium': 0.5909, 'eval_mar_large': 0.8052, 'eval_map_Coverall': 0.7353, 'eval_mar_100_Coverall': 0.8465, 'eval_map_Face_Shield': 0.5363, 'eval_mar_100_Face_Shield': 0.739, 'eval_map_Gloves': 0.6487, 'eval_mar_100_Gloves': 0.7833, 'eval_map_Goggles': 0.4534, 'eval_mar_100_Goggles': 0.7574, 'eval_map_Mask': 0.6962, 'eval_mar_100_Mask': 0.7986, 'eval_runtime': 7.2061, 'eval_samples_per_second': 20.538, 'eval_steps_per_second': 2.637, 'epoch': 38.0}
{'loss': 0.3157, 'grad_norm': 17.340328216552734, 'learning_rate': 6.673703204254347e-06, 'epoch': 38.1}
{'loss': 0.3199, 'grad_norm': 9.53844165802002, 'learning_rate': 6.572278321743871e-06, 'epoch': 38.19}
{'loss': 0.3297, 'grad_norm': 121.57691192626953, 'learning_rate': 6.471513298753634e-06, 'epoch': 38.29}
{'loss': 0.3028, 'grad_norm': 8.05760383605957, 'learning_rate': 6.371411743475716e-06, 'epoch': 38.38}
{'loss': 0.3267, 'grad_norm': 32.79376220703125, 'learning_rate': 6.271977240344795e-06, 'epoch': 38.48}
{'loss': 0.2936, 'grad_norm': 25.215686798095703, 'learning_rate': 6.173213349909729e-06, 'epoch': 38.57}
{'loss': 0.2836, 'grad_norm': 11.059191703796387, 'learning_rate': 6.075123608706093e-06, 'epoch': 38.67}
{'loss': 0.3403, 'grad_norm': 9.219566345214844, 'learning_rate': 5.97771152912954e-06, 'epoch': 38.76}
{'loss': 0.2667, 'grad_norm': 10.21972942352295, 'learning_rate': 5.88098059931004e-06, 'epoch': 38.86}
{'loss': 0.2912, 'grad_norm': 12.982832908630371, 'learning_rate': 5.784934282986956e-06, 'epoch': 38.95}
{'eval_loss': 0.7503580451011658, 'eval_map': 0.6211, 'eval_map_50': 0.8197, 'eval_map_75': 0.7277, 'eval_map_small': 0.8257, 'eval_map_medium': 0.4505, 'eval_map_large': 0.6487, 'eval_mar_1': 0.4719, 'eval_mar_10': 0.7628, 'eval_mar_100': 0.7901, 'eval_mar_small': 0.825, 'eval_mar_medium': 0.5901, 'eval_mar_large': 0.8105, 'eval_map_Coverall': 0.7405, 'eval_mar_100_Coverall': 0.854, 'eval_map_Face_Shield': 0.5491, 'eval_mar_100_Face_Shield': 0.7377, 'eval_map_Gloves': 0.6516, 'eval_mar_100_Gloves': 0.7887, 'eval_map_Goggles': 0.4728, 'eval_mar_100_Goggles': 0.7672, 'eval_map_Mask': 0.6916, 'eval_mar_100_Mask': 0.8027, 'eval_runtime': 6.7896, 'eval_samples_per_second': 21.798, 'eval_steps_per_second': 2.798, 'epoch': 39.0}
{'loss': 0.29, 'grad_norm': 14.40361213684082, 'learning_rate': 5.689576019385015e-06, 'epoch': 39.05}
{'loss': 0.3089, 'grad_norm': 17.58818817138672, 'learning_rate': 5.59490922309118e-06, 'epoch': 39.14}
{'loss': 0.3255, 'grad_norm': 24.05253791809082, 'learning_rate': 5.500937283932348e-06, 'epoch': 39.24}
{'loss': 0.2722, 'grad_norm': 13.73694133758545, 'learning_rate': 5.4076635668540075e-06, 'epoch': 39.33}
{'loss': 0.3205, 'grad_norm': 14.696660041809082, 'learning_rate': 5.3150914117996995e-06, 'epoch': 39.43}
{'loss': 0.3019, 'grad_norm': 10.511763572692871, 'learning_rate': 5.223224133591476e-06, 'epoch': 39.52}
{'loss': 0.2834, 'grad_norm': 13.15462875366211, 'learning_rate': 5.132065021811122e-06, 'epoch': 39.62}
{'loss': 0.306, 'grad_norm': 73.61206817626953, 'learning_rate': 5.041617340682467e-06, 'epoch': 39.71}
{'loss': 0.3174, 'grad_norm': 9.633840560913086, 'learning_rate': 4.951884328954401e-06, 'epoch': 39.81}
{'loss': 0.303, 'grad_norm': 56.28702926635742, 'learning_rate': 4.862869199784984e-06, 'epoch': 39.9}
{'loss': 0.2981, 'grad_norm': 20.432676315307617, 'learning_rate': 4.7745751406263165e-06, 'epoch': 40.0}
{'eval_loss': 0.7548820972442627, 'eval_map': 0.6187, 'eval_map_50': 0.814, 'eval_map_75': 0.7191, 'eval_map_small': 0.8005, 'eval_map_medium': 0.4403, 'eval_map_large': 0.6465, 'eval_mar_1': 0.4686, 'eval_mar_10': 0.7621, 'eval_mar_100': 0.7836, 'eval_mar_small': 0.8, 'eval_mar_medium': 0.5968, 'eval_mar_large': 0.8029, 'eval_map_Coverall': 0.7412, 'eval_mar_100_Coverall': 0.847, 'eval_map_Face_Shield': 0.5413, 'eval_mar_100_Face_Shield': 0.7104, 'eval_map_Gloves': 0.642, 'eval_mar_100_Gloves': 0.781, 'eval_map_Goggles': 0.4649, 'eval_mar_100_Goggles': 0.7738, 'eval_map_Mask': 0.7039, 'eval_mar_100_Mask': 0.8059, 'eval_runtime': 6.5966, 'eval_samples_per_second': 22.436, 'eval_steps_per_second': 2.88, 'epoch': 40.0}
{'loss': 0.2599, 'grad_norm': 13.18885326385498, 'learning_rate': 4.687005313110454e-06, 'epoch': 40.1}
{'loss': 0.3101, 'grad_norm': 9.794093132019043, 'learning_rate': 4.600162852936171e-06, 'epoch': 40.19}
{'loss': 0.2625, 'grad_norm': 16.582258224487305, 'learning_rate': 4.514050869756703e-06, 'epoch': 40.29}
{'loss': 0.3018, 'grad_norm': 11.689594268798828, 'learning_rate': 4.428672447068357e-06, 'epoch': 40.38}
{'loss': 0.2902, 'grad_norm': 13.838892936706543, 'learning_rate': 4.344030642100133e-06, 'epoch': 40.48}
{'loss': 0.3093, 'grad_norm': 137.54136657714844, 'learning_rate': 4.2601284857042266e-06, 'epoch': 40.57}
{'loss': 0.2992, 'grad_norm': 11.621216773986816, 'learning_rate': 4.176968982247514e-06, 'epoch': 40.67}
{'loss': 0.2853, 'grad_norm': 11.882220268249512, 'learning_rate': 4.094555109503983e-06, 'epoch': 40.76}
{'loss': 0.305, 'grad_norm': 15.905527114868164, 'learning_rate': 4.012889818548069e-06, 'epoch': 40.86}
{'loss': 0.3405, 'grad_norm': 11.378791809082031, 'learning_rate': 3.931976033649021e-06, 'epoch': 40.95}
{'eval_loss': 0.7513429522514343, 'eval_map': 0.6282, 'eval_map_50': 0.8232, 'eval_map_75': 0.7288, 'eval_map_small': 0.7757, 'eval_map_medium': 0.4463, 'eval_map_large': 0.6564, 'eval_mar_1': 0.4681, 'eval_mar_10': 0.7664, 'eval_mar_100': 0.7876, 'eval_mar_small': 0.775, 'eval_mar_medium': 0.5994, 'eval_mar_large': 0.807, 'eval_map_Coverall': 0.7446, 'eval_mar_100_Coverall': 0.8456, 'eval_map_Face_Shield': 0.5619, 'eval_mar_100_Face_Shield': 0.7247, 'eval_map_Gloves': 0.6484, 'eval_mar_100_Gloves': 0.7878, 'eval_map_Goggles': 0.4787, 'eval_mar_100_Goggles': 0.7689, 'eval_map_Mask': 0.7074, 'eval_mar_100_Mask': 0.811, 'eval_runtime': 6.9765, 'eval_samples_per_second': 21.214, 'eval_steps_per_second': 2.723, 'epoch': 41.0}
{'loss': 0.2937, 'grad_norm': 14.78872013092041, 'learning_rate': 3.851816652166165e-06, 'epoch': 41.05}
{'loss': 0.2711, 'grad_norm': 10.475494384765625, 'learning_rate': 3.772414544445163e-06, 'epoch': 41.14}
{'loss': 0.2748, 'grad_norm': 11.554842948913574, 'learning_rate': 3.6937725537152274e-06, 'epoch': 41.24}
{'loss': 0.3048, 'grad_norm': 7.759303092956543, 'learning_rate': 3.6158934959873353e-06, 'epoch': 41.33}
{'loss': 0.305, 'grad_norm': 9.580625534057617, 'learning_rate': 3.5387801599533475e-06, 'epoch': 41.43}
{'loss': 0.3032, 'grad_norm': 13.588434219360352, 'learning_rate': 3.4624353068861943e-06, 'epoch': 41.52}
{'loss': 0.2868, 'grad_norm': 7.995871543884277, 'learning_rate': 3.386861670540972e-06, 'epoch': 41.62}
{'loss': 0.3008, 'grad_norm': 9.542632102966309, 'learning_rate': 3.312061957057061e-06, 'epoch': 41.71}
{'loss': 0.3092, 'grad_norm': 9.06837272644043, 'learning_rate': 3.2380388448612437e-06, 'epoch': 41.81}
{'loss': 0.2944, 'grad_norm': 18.113536834716797, 'learning_rate': 3.164794984571759e-06, 'epoch': 41.9}
{'loss': 0.2917, 'grad_norm': 89.17779541015625, 'learning_rate': 3.092332998903416e-06, 'epoch': 42.0}
{'eval_loss': 0.7635607123374939, 'eval_map': 0.6258, 'eval_map_50': 0.8185, 'eval_map_75': 0.7278, 'eval_map_small': 0.8005, 'eval_map_medium': 0.4361, 'eval_map_large': 0.6552, 'eval_mar_1': 0.4731, 'eval_mar_10': 0.7693, 'eval_mar_100': 0.7892, 'eval_mar_small': 0.8, 'eval_mar_medium': 0.5851, 'eval_mar_large': 0.8103, 'eval_map_Coverall': 0.7425, 'eval_mar_100_Coverall': 0.8465, 'eval_map_Face_Shield': 0.5423, 'eval_mar_100_Face_Shield': 0.7221, 'eval_map_Gloves': 0.6505, 'eval_mar_100_Gloves': 0.7864, 'eval_map_Goggles': 0.4839, 'eval_mar_100_Goggles': 0.777, 'eval_map_Mask': 0.71, 'eval_mar_100_Mask': 0.8142, 'eval_runtime': 6.7357, 'eval_samples_per_second': 21.973, 'eval_steps_per_second': 2.821, 'epoch': 42.0}
{'loss': 0.3154, 'grad_norm': 11.22667407989502, 'learning_rate': 3.020655482573659e-06, 'epoch': 42.1}
{'loss': 0.312, 'grad_norm': 11.69936752319336, 'learning_rate': 2.949765002209698e-06, 'epoch': 42.19}
{'loss': 0.2832, 'grad_norm': 12.94123363494873, 'learning_rate': 2.8796640962565374e-06, 'epoch': 42.29}
{'loss': 0.2783, 'grad_norm': 7.842926025390625, 'learning_rate': 2.8103552748861476e-06, 'epoch': 42.38}
{'loss': 0.2849, 'grad_norm': 14.193994522094727, 'learning_rate': 2.741841019907529e-06, 'epoch': 42.48}
{'loss': 0.2876, 'grad_norm': 11.904900550842285, 'learning_rate': 2.6741237846778676e-06, 'epoch': 42.57}
{'loss': 0.2771, 'grad_norm': 8.514105796813965, 'learning_rate': 2.6072059940146775e-06, 'epoch': 42.67}
{'loss': 0.2555, 'grad_norm': 11.98282241821289, 'learning_rate': 2.5410900441089903e-06, 'epoch': 42.76}
{'loss': 0.3261, 'grad_norm': 13.22291374206543, 'learning_rate': 2.475778302439524e-06, 'epoch': 42.86}
{'loss': 0.3015, 'grad_norm': 12.817479133605957, 'learning_rate': 2.411273107687925e-06, 'epoch': 42.95}
{'eval_loss': 0.7744244933128357, 'eval_map': 0.6248, 'eval_map_50': 0.8197, 'eval_map_75': 0.7304, 'eval_map_small': 0.7257, 'eval_map_medium': 0.4433, 'eval_map_large': 0.6528, 'eval_mar_1': 0.4715, 'eval_mar_10': 0.7649, 'eval_mar_100': 0.7837, 'eval_mar_small': 0.725, 'eval_mar_medium': 0.5946, 'eval_mar_large': 0.8034, 'eval_map_Coverall': 0.7395, 'eval_mar_100_Coverall': 0.8447, 'eval_map_Face_Shield': 0.5599, 'eval_mar_100_Face_Shield': 0.7273, 'eval_map_Gloves': 0.6565, 'eval_mar_100_Gloves': 0.7846, 'eval_map_Goggles': 0.4682, 'eval_mar_100_Goggles': 0.7607, 'eval_map_Mask': 0.6999, 'eval_mar_100_Mask': 0.8014, 'eval_runtime': 7.0277, 'eval_samples_per_second': 21.059, 'eval_steps_per_second': 2.704, 'epoch': 43.0}
{'loss': 0.2772, 'grad_norm': 12.276756286621094, 'learning_rate': 2.3475767696550327e-06, 'epoch': 43.05}
{'loss': 0.3312, 'grad_norm': 33.441322326660156, 'learning_rate': 2.284691569178138e-06, 'epoch': 43.14}
{'loss': 0.3084, 'grad_norm': 192.60455322265625, 'learning_rate': 2.222619758049366e-06, 'epoch': 43.24}
{'loss': 0.2694, 'grad_norm': 48.332584381103516, 'learning_rate': 2.1613635589349756e-06, 'epoch': 43.33}
{'loss': 0.2557, 'grad_norm': 10.176283836364746, 'learning_rate': 2.1009251652958387e-06, 'epoch': 43.43}
{'loss': 0.2727, 'grad_norm': 13.50820255279541, 'learning_rate': 2.041306741308832e-06, 'epoch': 43.52}
{'loss': 0.3115, 'grad_norm': 11.938639640808105, 'learning_rate': 1.9825104217894018e-06, 'epoch': 43.62}
{'loss': 0.24, 'grad_norm': 11.519043922424316, 'learning_rate': 1.9245383121150677e-06, 'epoch': 43.71}
{'loss': 0.2882, 'grad_norm': 192.51437377929688, 'learning_rate': 1.8673924881500826e-06, 'epoch': 43.81}
{'loss': 0.2935, 'grad_norm': 12.139800071716309, 'learning_rate': 1.8110749961710584e-06, 'epoch': 43.9}
{'loss': 0.2936, 'grad_norm': 13.932354927062988, 'learning_rate': 1.7555878527937164e-06, 'epoch': 44.0}
{'eval_loss': 0.7630681991577148, 'eval_map': 0.6256, 'eval_map_50': 0.8187, 'eval_map_75': 0.7293, 'eval_map_small': 0.801, 'eval_map_medium': 0.4382, 'eval_map_large': 0.654, 'eval_mar_1': 0.4706, 'eval_mar_10': 0.7637, 'eval_mar_100': 0.7831, 'eval_mar_small': 0.8, 'eval_mar_medium': 0.5904, 'eval_mar_large': 0.803, 'eval_map_Coverall': 0.7433, 'eval_mar_100_Coverall': 0.846, 'eval_map_Face_Shield': 0.5542, 'eval_mar_100_Face_Shield': 0.7117, 'eval_map_Gloves': 0.6555, 'eval_mar_100_Gloves': 0.7864, 'eval_map_Goggles': 0.4726, 'eval_mar_100_Goggles': 0.7689, 'eval_map_Mask': 0.7024, 'eval_mar_100_Mask': 0.8023, 'eval_runtime': 6.8406, 'eval_samples_per_second': 21.635, 'eval_steps_per_second': 2.778, 'epoch': 44.0}
{'loss': 0.2601, 'grad_norm': 10.44648265838623, 'learning_rate': 1.700933044900671e-06, 'epoch': 44.1}
{'loss': 0.2815, 'grad_norm': 11.697983741760254, 'learning_rate': 1.6471125295702771e-06, 'epoch': 44.19}
{'loss': 0.2658, 'grad_norm': 10.843708992004395, 'learning_rate': 1.59412823400657e-06, 'epoch': 44.29}
{'loss': 0.2857, 'grad_norm': 13.582597732543945, 'learning_rate': 1.5419820554702314e-06, 'epoch': 44.38}
{'loss': 0.2941, 'grad_norm': 14.574631690979004, 'learning_rate': 1.4906758612106636e-06, 'epoch': 44.48}
{'loss': 0.2762, 'grad_norm': 15.787799835205078, 'learning_rate': 1.4402114883991318e-06, 'epoch': 44.57}
{'loss': 0.3138, 'grad_norm': 15.546784400939941, 'learning_rate': 1.3905907440629752e-06, 'epoch': 44.67}
{'loss': 0.2751, 'grad_norm': 14.764115333557129, 'learning_rate': 1.3418154050208936e-06, 'epoch': 44.76}
{'loss': 0.273, 'grad_norm': 22.075626373291016, 'learning_rate': 1.2938872178193395e-06, 'epoch': 44.86}
{'loss': 0.3053, 'grad_norm': 9.108328819274902, 'learning_rate': 1.2468078986699634e-06, 'epoch': 44.95}
{'eval_loss': 0.7723363637924194, 'eval_map': 0.6269, 'eval_map_50': 0.8188, 'eval_map_75': 0.7367, 'eval_map_small': 0.8257, 'eval_map_medium': 0.4441, 'eval_map_large': 0.6542, 'eval_mar_1': 0.4705, 'eval_mar_10': 0.7657, 'eval_mar_100': 0.7858, 'eval_mar_small': 0.825, 'eval_mar_medium': 0.5972, 'eval_mar_large': 0.8054, 'eval_map_Coverall': 0.7409, 'eval_mar_100_Coverall': 0.8451, 'eval_map_Face_Shield': 0.5577, 'eval_mar_100_Face_Shield': 0.7156, 'eval_map_Gloves': 0.6559, 'eval_mar_100_Gloves': 0.7873, 'eval_map_Goggles': 0.4733, 'eval_mar_100_Goggles': 0.7738, 'eval_map_Mask': 0.7065, 'eval_mar_100_Mask': 0.8073, 'eval_runtime': 7.2305, 'eval_samples_per_second': 20.469, 'eval_steps_per_second': 2.628, 'epoch': 45.0}
{'loss': 0.3522, 'grad_norm': 11.813173294067383, 'learning_rate': 1.200579133388155e-06, 'epoch': 45.05}
{'loss': 0.2802, 'grad_norm': 9.455581665039062, 'learning_rate': 1.1552025773327007e-06, 'epoch': 45.14}
{'loss': 0.3001, 'grad_norm': 14.601162910461426, 'learning_rate': 1.1106798553464804e-06, 'epoch': 45.24}
{'loss': 0.2891, 'grad_norm': 9.571391105651855, 'learning_rate': 1.067012561698319e-06, 'epoch': 45.33}
{'loss': 0.2631, 'grad_norm': 12.589388847351074, 'learning_rate': 1.024202260025861e-06, 'epoch': 45.43}
{'loss': 0.2476, 'grad_norm': 11.164674758911133, 'learning_rate': 9.822504832796036e-07, 'epoch': 45.52}
{'loss': 0.2882, 'grad_norm': 25.49917221069336, 'learning_rate': 9.411587336679989e-07, 'epoch': 45.62}
{'loss': 0.3207, 'grad_norm': 10.142228126525879, 'learning_rate': 9.009284826036691e-07, 'epoch': 45.71}
{'loss': 0.2866, 'grad_norm': 8.825494766235352, 'learning_rate': 8.615611706507043e-07, 'epoch': 45.81}
{'loss': 0.298, 'grad_norm': 9.87627124786377, 'learning_rate': 8.230582074730903e-07, 'epoch': 45.9}
{'loss': 0.2768, 'grad_norm': 22.4190731048584, 'learning_rate': 7.854209717842231e-07, 'epoch': 46.0}
{'eval_loss': 0.7582345604896545, 'eval_map': 0.626, 'eval_map_50': 0.8191, 'eval_map_75': 0.7286, 'eval_map_small': 0.8005, 'eval_map_medium': 0.4422, 'eval_map_large': 0.6541, 'eval_mar_1': 0.4745, 'eval_mar_10': 0.7655, 'eval_mar_100': 0.7858, 'eval_mar_small': 0.8, 'eval_mar_medium': 0.5979, 'eval_mar_large': 0.8054, 'eval_map_Coverall': 0.7429, 'eval_mar_100_Coverall': 0.8456, 'eval_map_Face_Shield': 0.5504, 'eval_mar_100_Face_Shield': 0.7156, 'eval_map_Gloves': 0.656, 'eval_mar_100_Gloves': 0.7887, 'eval_map_Goggles': 0.4749, 'eval_mar_100_Goggles': 0.7705, 'eval_map_Mask': 0.7055, 'eval_mar_100_Mask': 0.8087, 'eval_runtime': 7.105, 'eval_samples_per_second': 20.83, 'eval_steps_per_second': 2.674, 'epoch': 46.0}
{'loss': 0.2659, 'grad_norm': 9.718490600585938, 'learning_rate': 7.486508112975548e-07, 'epoch': 46.1}
{'loss': 0.3109, 'grad_norm': 8.248119354248047, 'learning_rate': 7.127490426783123e-07, 'epoch': 46.19}
{'loss': 0.2845, 'grad_norm': 19.646202087402344, 'learning_rate': 6.777169514963766e-07, 'epoch': 46.29}
{'loss': 0.2907, 'grad_norm': 11.898470878601074, 'learning_rate': 6.435557921802254e-07, 'epoch': 46.38}
{'loss': 0.286, 'grad_norm': 15.518407821655273, 'learning_rate': 6.102667879720164e-07, 'epoch': 46.48}
{'loss': 0.2586, 'grad_norm': 10.920998573303223, 'learning_rate': 5.778511308838108e-07, 'epoch': 46.57}
{'loss': 0.2935, 'grad_norm': 15.101950645446777, 'learning_rate': 5.463099816548579e-07, 'epoch': 46.67}
{'loss': 0.2913, 'grad_norm': 15.105375289916992, 'learning_rate': 5.15644469710061e-07, 'epoch': 46.76}
{'loss': 0.2627, 'grad_norm': 11.10567569732666, 'learning_rate': 4.858556931194996e-07, 'epoch': 46.86}
{'loss': 0.2697, 'grad_norm': 12.16404914855957, 'learning_rate': 4.5694471855914914e-07, 'epoch': 46.95}
{'eval_loss': 0.7628326416015625, 'eval_map': 0.6287, 'eval_map_50': 0.8202, 'eval_map_75': 0.7315, 'eval_map_small': 0.8005, 'eval_map_medium': 0.4461, 'eval_map_large': 0.6571, 'eval_mar_1': 0.4759, 'eval_mar_10': 0.7674, 'eval_mar_100': 0.7882, 'eval_mar_small': 0.8, 'eval_mar_medium': 0.6028, 'eval_mar_large': 0.8072, 'eval_map_Coverall': 0.744, 'eval_mar_100_Coverall': 0.847, 'eval_map_Face_Shield': 0.553, 'eval_mar_100_Face_Shield': 0.7195, 'eval_map_Gloves': 0.6596, 'eval_mar_100_Gloves': 0.79, 'eval_map_Goggles': 0.4772, 'eval_mar_100_Goggles': 0.7738, 'eval_map_Mask': 0.7096, 'eval_mar_100_Mask': 0.8105, 'eval_runtime': 7.2814, 'eval_samples_per_second': 20.326, 'eval_steps_per_second': 2.609, 'epoch': 47.0}
{'loss': 0.3052, 'grad_norm': 10.16241455078125, 'learning_rate': 4.2891258127264745e-07, 'epoch': 47.05}
{'loss': 0.2527, 'grad_norm': 12.011794090270996, 'learning_rate': 4.0176028503425835e-07, 'epoch': 47.14}
{'loss': 0.2663, 'grad_norm': 10.999473571777344, 'learning_rate': 3.7548880211290825e-07, 'epoch': 47.24}
{'loss': 0.3231, 'grad_norm': 17.255252838134766, 'learning_rate': 3.5009907323737825e-07, 'epoch': 47.33}
{'loss': 0.2807, 'grad_norm': 11.777029991149902, 'learning_rate': 3.2559200756260846e-07, 'epoch': 47.43}
{'loss': 0.2495, 'grad_norm': 10.132768630981445, 'learning_rate': 3.0196848263716327e-07, 'epoch': 47.52}
{'loss': 0.2896, 'grad_norm': 9.720165252685547, 'learning_rate': 2.7922934437178695e-07, 'epoch': 47.62}
{'loss': 0.3143, 'grad_norm': 16.40757179260254, 'learning_rate': 2.573754070091278e-07, 'epoch': 47.71}
{'loss': 0.2746, 'grad_norm': 8.170372009277344, 'learning_rate': 2.3640745309457256e-07, 'epoch': 47.81}
{'loss': 0.2811, 'grad_norm': 13.154195785522461, 'learning_rate': 2.16326233448233e-07, 'epoch': 47.9}
{'loss': 0.3192, 'grad_norm': 12.608819961547852, 'learning_rate': 1.9713246713805588e-07, 'epoch': 48.0}
{'eval_loss': 0.7615590691566467, 'eval_map': 0.6283, 'eval_map_50': 0.8203, 'eval_map_75': 0.7327, 'eval_map_small': 0.8005, 'eval_map_medium': 0.4453, 'eval_map_large': 0.6562, 'eval_mar_1': 0.476, 'eval_mar_10': 0.7665, 'eval_mar_100': 0.7874, 'eval_mar_small': 0.8, 'eval_mar_medium': 0.6, 'eval_mar_large': 0.8068, 'eval_map_Coverall': 0.7435, 'eval_mar_100_Coverall': 0.846, 'eval_map_Face_Shield': 0.5512, 'eval_mar_100_Face_Shield': 0.7182, 'eval_map_Gloves': 0.6601, 'eval_mar_100_Gloves': 0.7891, 'eval_map_Goggles': 0.479, 'eval_mar_100_Goggles': 0.7754, 'eval_map_Mask': 0.7077, 'eval_mar_100_Mask': 0.8082, 'eval_runtime': 6.9806, 'eval_samples_per_second': 21.201, 'eval_steps_per_second': 2.722, 'epoch': 48.0}
{'loss': 0.2466, 'grad_norm': 11.548239707946777, 'learning_rate': 1.7882684145406614e-07, 'epoch': 48.1}
{'loss': 0.2706, 'grad_norm': 15.126094818115234, 'learning_rate': 1.614100118837808e-07, 'epoch': 48.19}
{'loss': 0.2862, 'grad_norm': 38.79399490356445, 'learning_rate': 1.4488260208871397e-07, 'epoch': 48.29}
{'loss': 0.3194, 'grad_norm': 12.311264038085938, 'learning_rate': 1.2924520388204464e-07, 'epoch': 48.38}
{'loss': 0.2729, 'grad_norm': 9.159101486206055, 'learning_rate': 1.1449837720745037e-07, 'epoch': 48.48}
{'loss': 0.2911, 'grad_norm': 8.191973686218262, 'learning_rate': 1.006426501190233e-07, 'epoch': 48.57}
{'loss': 0.3041, 'grad_norm': 41.519737243652344, 'learning_rate': 8.767851876239074e-08, 'epoch': 48.67}
{'loss': 0.2582, 'grad_norm': 14.525121688842773, 'learning_rate': 7.560644735692956e-08, 'epoch': 48.76}
{'loss': 0.2724, 'grad_norm': 11.211502075195312, 'learning_rate': 6.442686817914877e-08, 'epoch': 48.86}
{'loss': 0.2684, 'grad_norm': 62.080692291259766, 'learning_rate': 5.414018154721867e-08, 'epoch': 48.95}
{'eval_loss': 0.761827826499939, 'eval_map': 0.6287, 'eval_map_50': 0.821, 'eval_map_75': 0.7312, 'eval_map_small': 0.8005, 'eval_map_medium': 0.4452, 'eval_map_large': 0.6567, 'eval_mar_1': 0.475, 'eval_mar_10': 0.7667, 'eval_mar_100': 0.7872, 'eval_mar_small': 0.8, 'eval_mar_medium': 0.6004, 'eval_mar_large': 0.8066, 'eval_map_Coverall': 0.7427, 'eval_mar_100_Coverall': 0.8451, 'eval_map_Face_Shield': 0.555, 'eval_mar_100_Face_Shield': 0.7221, 'eval_map_Gloves': 0.6604, 'eval_mar_100_Gloves': 0.79, 'eval_map_Goggles': 0.4794, 'eval_mar_100_Goggles': 0.7721, 'eval_map_Mask': 0.7062, 'eval_mar_100_Mask': 0.8068, 'eval_runtime': 6.9405, 'eval_samples_per_second': 21.324, 'eval_steps_per_second': 2.738, 'epoch': 49.0}
{'loss': 0.2945, 'grad_norm': 6.398728847503662, 'learning_rate': 4.474675580662113e-08, 'epoch': 49.05}
{'loss': 0.306, 'grad_norm': 12.780226707458496, 'learning_rate': 3.6246927316976875e-08, 'epoch': 49.14}
{'loss': 0.2635, 'grad_norm': 10.81307315826416, 'learning_rate': 2.864100043998563e-08, 'epoch': 49.24}
{'loss': 0.2666, 'grad_norm': 10.780531883239746, 'learning_rate': 2.192924752854042e-08, 'epoch': 49.33}
{'loss': 0.2886, 'grad_norm': 20.074142456054688, 'learning_rate': 1.6111908916965903e-08, 'epoch': 49.43}
{'loss': 0.2818, 'grad_norm': 11.57394027709961, 'learning_rate': 1.1189192912416934e-08, 'epoch': 49.52}
{'loss': 0.291, 'grad_norm': 11.992146492004395, 'learning_rate': 7.1612757874151e-09, 'epoch': 49.62}
{'loss': 0.2601, 'grad_norm': 8.296590805053711, 'learning_rate': 4.028301773545407e-09, 'epoch': 49.71}
{'loss': 0.2838, 'grad_norm': 13.438955307006836, 'learning_rate': 1.7903830562826517e-09, 'epoch': 49.81}
{'loss': 0.2828, 'grad_norm': 17.203325271606445, 'learning_rate': 4.4759977098074446e-10, 'epoch': 49.9}
{'loss': 0.2895, 'grad_norm': 18.83027458190918, 'learning_rate': 0.0, 'epoch': 50.0}
{'eval_loss': 0.7619644403457642, 'eval_map': 0.6287, 'eval_map_50': 0.8209, 'eval_map_75': 0.7325, 'eval_map_small': 0.8005, 'eval_map_medium': 0.4452, 'eval_map_large': 0.6566, 'eval_mar_1': 0.4747, 'eval_mar_10': 0.7666, 'eval_mar_100': 0.7873, 'eval_mar_small': 0.8, 'eval_mar_medium': 0.6004, 'eval_mar_large': 0.8068, 'eval_map_Coverall': 0.7428, 'eval_mar_100_Coverall': 0.8451, 'eval_map_Face_Shield': 0.5533, 'eval_mar_100_Face_Shield': 0.7208, 'eval_map_Gloves': 0.6603, 'eval_mar_100_Gloves': 0.79, 'eval_map_Goggles': 0.4794, 'eval_mar_100_Goggles': 0.7721, 'eval_map_Mask': 0.7077, 'eval_mar_100_Mask': 0.8087, 'eval_runtime': 6.8788, 'eval_samples_per_second': 21.515, 'eval_steps_per_second': 2.762, 'epoch': 50.0}
{'train_runtime': 2345.308, 'train_samples_per_second': 17.823, 'train_steps_per_second': 2.239, 'train_loss': 0.525951923824492, 'epoch': 50.0}
Training time: 39.09 minutes
{'epoch': 50.0,
 'test_loss': 0.8548998236656189,
 'test_map': 0.6558,
 'test_map_50': 0.86,
 'test_map_75': 0.779,
 'test_map_Coverall': 0.5853,
 'test_map_Face_Shield': 0.7252,
 'test_map_Gloves': 0.6706,
 'test_map_Goggles': 0.5676,
 'test_map_Mask': 0.7302,
 'test_map_large': 0.6614,
 'test_map_medium': 0.6184,
 'test_map_small': -1.0,
 'test_mar_1': 0.4385,
 'test_mar_10': 0.7952,
 'test_mar_100': 0.8139,
 'test_mar_100_Coverall': 0.8231,
 'test_mar_100_Face_Shield': 0.8471,
 'test_mar_100_Gloves': 0.7949,
 'test_mar_100_Goggles': 0.8103,
 'test_mar_100_Mask': 0.7941,
 'test_mar_large': 0.8208,
 'test_mar_medium': 0.6333,
 'test_mar_small': -1.0,
 'test_runtime': 2.4365,
 'test_samples_per_second': 11.902,
 'test_steps_per_second': 1.642
 }
